{
  "stats": {
    "suites": 1,
    "tests": 2,
    "passes": 2,
    "pending": 0,
    "failures": 0,
    "start": "2022-12-02T22:38:32.218Z",
    "end": "2022-12-02T22:38:34.342Z",
    "duration": 2124,
    "testsRegistered": 2,
    "passPercent": 100,
    "pendingPercent": 0,
    "other": 0,
    "hasOther": false,
    "skipped": 0,
    "hasSkipped": false
  },
  "results": [
    {
      "uuid": "61403242-afd2-4879-b1a3-7bf1dc7b7a8b",
      "title": "",
      "fullFile": "cypress\\e2e\\test\\negative\\negativeTest.cy.js",
      "file": "cypress\\e2e\\test\\negative\\negativeTest.cy.js",
      "beforeHooks": [],
      "afterHooks": [],
      "tests": [],
      "suites": [
        {
          "uuid": "f13966b0-a86e-454c-bd68-60c9969d6f12",
          "title": "Authentication Error",
          "fullFile": "",
          "file": "",
          "beforeHooks": [],
          "afterHooks": [],
          "tests": [
            {
              "title": "Locked out user cannot login",
              "fullTitle": "Authentication Error Locked out user cannot login",
              "timedOut": null,
              "duration": 1075,
              "state": "passed",
              "speed": "fast",
              "pass": true,
              "fail": false,
              "pending": false,
              "context": null,
              "code": "_auth.default.login('locked_out_user', 'secret_sauce');\ncy.get('.error-message-container.error').should('be.visible');\ncy.TestCommand();",
              "err": {},
              "uuid": "688a766f-9074-4b66-aee0-e7e41bb07b3c",
              "parentUUID": "f13966b0-a86e-454c-bd68-60c9969d6f12",
              "isHook": false,
              "skipped": false
            },
            {
              "title": "Valid user should not login with invalid passsword",
              "fullTitle": "Authentication Error Valid user should not login with invalid passsword",
              "timedOut": null,
              "duration": 1001,
              "state": "passed",
              "speed": "fast",
              "pass": true,
              "fail": false,
              "pending": false,
              "context": null,
              "code": "_auth.default.login('standard_user', 'wrongpassword');\ncy.get('.error-message-container.error').should('be.visible');\ncy.TestCommand();",
              "err": {},
              "uuid": "3ca54159-0494-4923-a655-4bee438f67ef",
              "parentUUID": "f13966b0-a86e-454c-bd68-60c9969d6f12",
              "isHook": false,
              "skipped": false
            }
          ],
          "suites": [],
          "passes": [
            "688a766f-9074-4b66-aee0-e7e41bb07b3c",
            "3ca54159-0494-4923-a655-4bee438f67ef"
          ],
          "failures": [],
          "pending": [],
          "skipped": [],
          "duration": 2076,
          "root": false,
          "rootEmpty": false,
          "_timeout": 2000
        }
      ],
      "passes": [],
      "failures": [],
      "pending": [],
      "skipped": [],
      "duration": 0,
      "root": true,
      "rootEmpty": true,
      "_timeout": 2000
    }
  ],
  "meta": {
    "mocha": {
      "version": "7.0.1"
    },
    "mochawesome": {
      "options": {
        "quiet": false,
        "reportFilename": "mochawesome",
        "saveHtml": false,
        "saveJson": true,
        "consoleReporter": "spec",
        "useInlineDiffs": false,
        "code": true
      },
      "version": "7.1.3"
    },
    "marge": {
      "options": {
        "reportDir": "cypress/reports",
        "overwrite": false,
        "html": false,
        "json": true
      },
      "version": "6.2.0"
    }
  }
}