{
  "stats": {
    "suites": 1,
    "tests": 2,
    "passes": 2,
    "pending": 0,
    "failures": 0,
    "start": "2022-12-01T14:49:17.292Z",
    "end": "2022-12-01T14:49:20.121Z",
    "duration": 2829,
    "testsRegistered": 2,
    "passPercent": 100,
    "pendingPercent": 0,
    "other": 0,
    "hasOther": false,
    "skipped": 0,
    "hasSkipped": false
  },
  "results": [
    {
      "uuid": "5de52822-9399-42d2-8558-14b1e450a933",
      "title": "",
      "fullFile": "cypress\\e2e\\test\\Negative tests\\unhappyPath.cy.js",
      "file": "cypress\\e2e\\test\\Negative tests\\unhappyPath.cy.js",
      "beforeHooks": [],
      "afterHooks": [],
      "tests": [],
      "suites": [
        {
          "uuid": "69fea44b-10d6-47d6-9028-760011666c60",
          "title": "Authentication Error",
          "fullFile": "",
          "file": "",
          "beforeHooks": [],
          "afterHooks": [],
          "tests": [
            {
              "title": "Locked out user cannot login",
              "fullTitle": "Authentication Error Locked out user cannot login",
              "timedOut": null,
              "duration": 1607,
              "state": "passed",
              "speed": "fast",
              "pass": true,
              "fail": false,
              "pending": false,
              "context": null,
              "code": "_auth.default.login('locked_out_user', 'secret_sauce');\ncy.get('.error-message-container.error').should('be.visible');\ncy.TestCommand();",
              "err": {},
              "uuid": "1ec288f7-819d-4a31-a386-e52eda3832fb",
              "parentUUID": "69fea44b-10d6-47d6-9028-760011666c60",
              "isHook": false,
              "skipped": false
            },
            {
              "title": "Valid user should not login with invalid passsword",
              "fullTitle": "Authentication Error Valid user should not login with invalid passsword",
              "timedOut": null,
              "duration": 1138,
              "state": "passed",
              "speed": "fast",
              "pass": true,
              "fail": false,
              "pending": false,
              "context": null,
              "code": "_auth.default.login('standard_user', 'wrongpassword');\ncy.get('.error-message-container.error').should('be.visible');\ncy.TestCommand();",
              "err": {},
              "uuid": "65eaea01-9402-48ce-b5fc-6fffd5a8f082",
              "parentUUID": "69fea44b-10d6-47d6-9028-760011666c60",
              "isHook": false,
              "skipped": false
            }
          ],
          "suites": [],
          "passes": [
            "1ec288f7-819d-4a31-a386-e52eda3832fb",
            "65eaea01-9402-48ce-b5fc-6fffd5a8f082"
          ],
          "failures": [],
          "pending": [],
          "skipped": [],
          "duration": 2745,
          "root": false,
          "rootEmpty": false,
          "_timeout": 2000
        }
      ],
      "passes": [],
      "failures": [],
      "pending": [],
      "skipped": [],
      "duration": 0,
      "root": true,
      "rootEmpty": true,
      "_timeout": 2000
    }
  ],
  "meta": {
    "mocha": {
      "version": "7.0.1"
    },
    "mochawesome": {
      "options": {
        "quiet": false,
        "reportFilename": "mochawesome",
        "saveHtml": false,
        "saveJson": true,
        "consoleReporter": "spec",
        "useInlineDiffs": false,
        "code": true
      },
      "version": "7.1.3"
    },
    "marge": {
      "options": {
        "reportDir": "cypress/reports",
        "overwrite": false,
        "html": false,
        "json": true
      },
      "version": "6.2.0"
    }
  }
}