{
  "stats": {
    "suites": 1,
    "tests": 1,
    "passes": 1,
    "pending": 0,
    "failures": 0,
    "start": "2022-12-03T00:48:11.823Z",
    "end": "2022-12-03T00:48:15.596Z",
    "duration": 3773,
    "testsRegistered": 1,
    "passPercent": 100,
    "pendingPercent": 0,
    "other": 0,
    "hasOther": false,
    "skipped": 0,
    "hasSkipped": false
  },
  "results": [
    {
      "uuid": "c236e701-c12c-40c2-b827-adc13c816abc",
      "title": "",
      "fullFile": "cypress\\e2e\\test\\Checkout\\multiProduct.cy.js",
      "file": "cypress\\e2e\\test\\Checkout\\multiProduct.cy.js",
      "beforeHooks": [],
      "afterHooks": [],
      "tests": [],
      "suites": [
        {
          "uuid": "81215949-22f1-4b68-bd63-8970c5f2573c",
          "title": "Multiple Product checkout",
          "fullFile": "",
          "file": "",
          "beforeHooks": [],
          "afterHooks": [],
          "tests": [
            {
              "title": "Should login & add multiple products to cart and check out",
              "fullTitle": "Multiple Product checkout Should login & add multiple products to cart and check out",
              "timedOut": null,
              "duration": 3709,
              "state": "passed",
              "speed": "fast",
              "pass": true,
              "fail": false,
              "pending": false,
              "context": null,
              "code": "// Login with a valid user\ncy.get('#user-name').type('standard_user');\ncy.get('#password').type('secret_sauce');\ncy.get('#login-button').click(); // Add the saucelabs backpack to the cart\ncy.get('#add-to-cart-sauce-labs-backpack').click(); // Add the saucelabs onesie to the cart\ncy.get('#add-to-cart-sauce-labs-onesie').click(); // Add the saucelabs bikelight to the cart\ncy.get('#add-to-cart-sauce-labs-bike-light').click(); // Select cart Icon\ncy.get('.shopping_cart_link').click(); //Continue to checkout\ncy.get('#checkout').click(); //enter order details\ncy.get('#first-name').type('Vanessa');\ncy.get('#last-name').type('Russell');\ncy.get('#postal-code').type('00000'); // Continue to checkout items\ncy.get('#continue').click(); //Complete checkout\ncy.get('#finish').click();",
              "err": {},
              "uuid": "1cdf4a16-1001-4fe3-9b08-d916c81f0007",
              "parentUUID": "81215949-22f1-4b68-bd63-8970c5f2573c",
              "isHook": false,
              "skipped": false
            }
          ],
          "suites": [],
          "passes": [
            "1cdf4a16-1001-4fe3-9b08-d916c81f0007"
          ],
          "failures": [],
          "pending": [],
          "skipped": [],
          "duration": 3709,
          "root": false,
          "rootEmpty": false,
          "_timeout": 2000
        }
      ],
      "passes": [],
      "failures": [],
      "pending": [],
      "skipped": [],
      "duration": 0,
      "root": true,
      "rootEmpty": true,
      "_timeout": 2000
    }
  ],
  "meta": {
    "mocha": {
      "version": "7.0.1"
    },
    "mochawesome": {
      "options": {
        "quiet": false,
        "reportFilename": "mochawesome",
        "saveHtml": false,
        "saveJson": true,
        "consoleReporter": "spec",
        "useInlineDiffs": false,
        "code": true
      },
      "version": "7.1.3"
    },
    "marge": {
      "options": {
        "reportDir": "cypress/reports",
        "overwrite": false,
        "html": false,
        "json": true
      },
      "version": "6.2.0"
    }
  }
}