{
  "stats": {
    "suites": 1,
    "tests": 1,
    "passes": 0,
    "pending": 0,
    "failures": 1,
    "start": "2022-11-30T16:27:21.743Z",
    "end": "2022-11-30T16:27:22.852Z",
    "duration": 1109,
    "testsRegistered": 2,
    "passPercent": 0,
    "pendingPercent": 0,
    "other": 0,
    "hasOther": false,
    "skipped": 1,
    "hasSkipped": true
  },
  "results": [
    {
      "uuid": "d0f3e9d0-4ad6-4d8b-b5c6-c57110c308f4",
      "title": "",
      "fullFile": "cypress\\e2e\\test\\cart.cy.js",
      "file": "cypress\\e2e\\test\\cart.cy.js",
      "beforeHooks": [],
      "afterHooks": [],
      "tests": [],
      "suites": [
        {
          "uuid": "365435b4-29fe-4f21-add1-062eecbe1673",
          "title": "Activity 6",
          "fullFile": "",
          "file": "",
          "beforeHooks": [],
          "afterHooks": [],
          "tests": [
            {
              "title": "Add a single product to cart",
              "fullTitle": "Activity 6 Add a single product to cart",
              "timedOut": null,
              "duration": 1041,
              "state": "failed",
              "speed": null,
              "pass": false,
              "fail": true,
              "pending": false,
              "context": null,
              "code": "_auth.default.login('standard_user', 'secret_sauce');\n_cart.default.addToCart('Sauce Labs Backpack');\n_cart.default.navigateToCart();\ncy.get(_cart.default.cartNotification).should('have.text', 1);\ncy.get(_cart.default.cartQuantity).should('have.text', 1);\ncy.get(_cart.default.removeSauceLabBackPackBtn).should('be.visible');\ncy.get(_cart.default.cartItemsName).should('have.text', 'Sauce Labs Backpack');",
              "err": {
                "message": "TypeError: Cannot set property message of  which has only a getter\n\nBecause this error occurred during a `before each` hook we are skipping the remaining tests in the current suite: `Activity 6`",
                "estack": "TypeError: Cannot set property message of  which has only a getter\n\nBecause this error occurred during a `before each` hook we are skipping the remaining tests in the current suite: `Activity 6`\n    at modifyErrMsg (https://www.saucedemo.com/__cypress/runner/cypress_runner.js:161163:15)\n    at Object.appendErrMsg (https://www.saucedemo.com/__cypress/runner/cypress_runner.js:161169:10)\n    at Runner.<anonymous> (https://www.saucedemo.com/__cypress/runner/cypress_runner.js:164873:76)\n    at Runner.emit (https://www.saucedemo.com/__cypress/runner/cypress_runner.js:20883:7)\n    at ../driver/node_modules/mocha/lib/runner.js.Runner.fail (https://www.saucedemo.com/__cypress/runner/cypress_runner.js:108412:8)\n    at Runner.fail (https://www.saucedemo.com/__cypress/runner/cypress_runner.js:163046:25)\n    at ../driver/node_modules/mocha/lib/runner.js.Runner.failHook (https://www.saucedemo.com/__cypress/runner/cypress_runner.js:108450:8)\n    at Hook.<anonymous> (https://www.saucedemo.com/__cypress/runner/cypress_runner.js:108524:14)\n    at next (https://www.saucedemo.com/__cypress/runner/cypress_runner.js:165309:24)\n    at https://www.saucedemo.com/__cypress/runner/cypress_runner.js:165338:13\n    at tryCatcher (https://www.saucedemo.com/__cypress/runner/cypress_runner.js:11327:23)\n    at Promise._settlePromiseFromHandler (https://www.saucedemo.com/__cypress/runner/cypress_runner.js:9262:31)\n    at Promise._settlePromise (https://www.saucedemo.com/__cypress/runner/cypress_runner.js:9319:18)\n    at Promise._settlePromise0 (https://www.saucedemo.com/__cypress/runner/cypress_runner.js:9364:10)\n    at Promise._settlePromises (https://www.saucedemo.com/__cypress/runner/cypress_runner.js:9444:18)\n    at Promise._fulfill (https://www.saucedemo.com/__cypress/runner/cypress_runner.js:9388:18)\n    at Promise._resolveCallback (https://www.saucedemo.com/__cypress/runner/cypress_runner.js:9182:57)\n    at Promise._settlePromiseFromHandler (https://www.saucedemo.com/__cypress/runner/cypress_runner.js:9274:17)\n    at Promise._settlePromise (https://www.saucedemo.com/__cypress/runner/cypress_runner.js:9319:18)\n    at Promise._settlePromise0 (https://www.saucedemo.com/__cypress/runner/cypress_runner.js:9364:10)\n    at Promise._settlePromises (https://www.saucedemo.com/__cypress/runner/cypress_runner.js:9444:18)\n    at Promise._fulfill (https://www.saucedemo.com/__cypress/runner/cypress_runner.js:9388:18)",
                "diff": null
              },
              "uuid": "a462a92b-22ee-4a6d-bf93-d7603b458578",
              "parentUUID": "365435b4-29fe-4f21-add1-062eecbe1673",
              "isHook": false,
              "skipped": false
            },
            {
              "title": "Remove one item from cart",
              "fullTitle": "Activity 6 Remove one item from cart",
              "timedOut": null,
              "duration": 0,
              "state": "skipped",
              "speed": null,
              "pass": false,
              "fail": false,
              "pending": false,
              "context": null,
              "code": "_auth.default.login('standard_user', 'secret_sauce');\n_cart.default.addToCart('Sauce Labs Backpack');\n_cart.default.navigateToCart(); // Assert that there is 1 item in the cart then remove the item\n\ncy.get(_cart.default.cartQuantity).should('have.text', 1);\ncy.get(_cart.default.cartItemsName).should('have.text', 'Sauce Labs Backpack');\ncy.get(_cart.default.removeSauceLabBackPackBtn).click(); // Assert that the item was removed and the cart is empty\ncy.get(_cart.default.cartItemsName).should('not.exist');\ncy.get(_cart.default.removedCartItem).should('exist');",
              "err": {},
              "uuid": "1f36e545-9ecc-4a70-84a5-019514b552d8",
              "parentUUID": "365435b4-29fe-4f21-add1-062eecbe1673",
              "isHook": false,
              "skipped": true
            }
          ],
          "suites": [],
          "passes": [],
          "failures": [
            "a462a92b-22ee-4a6d-bf93-d7603b458578"
          ],
          "pending": [],
          "skipped": [
            "1f36e545-9ecc-4a70-84a5-019514b552d8"
          ],
          "duration": 1041,
          "root": false,
          "rootEmpty": false,
          "_timeout": 2000
        }
      ],
      "passes": [],
      "failures": [],
      "pending": [],
      "skipped": [],
      "duration": 0,
      "root": true,
      "rootEmpty": true,
      "_timeout": 2000
    }
  ],
  "meta": {
    "mocha": {
      "version": "7.0.1"
    },
    "mochawesome": {
      "options": {
        "quiet": false,
        "reportFilename": "mochawesome",
        "saveHtml": false,
        "saveJson": true,
        "consoleReporter": "spec",
        "useInlineDiffs": false,
        "code": true
      },
      "version": "7.1.3"
    },
    "marge": {
      "options": {
        "reportDir": "cypress/reports",
        "overwrite": false,
        "html": false,
        "json": true
      },
      "version": "6.2.0"
    }
  }
}