{
  "stats": {
    "suites": 1,
    "tests": 2,
    "passes": 2,
    "pending": 0,
    "failures": 0,
    "start": "2022-12-03T01:00:01.141Z",
    "end": "2022-12-03T01:00:06.776Z",
    "duration": 5635,
    "testsRegistered": 2,
    "passPercent": 100,
    "pendingPercent": 0,
    "other": 0,
    "hasOther": false,
    "skipped": 0,
    "hasSkipped": false
  },
  "results": [
    {
      "uuid": "006d9a36-b64e-4859-ae21-bd674ef2b7b5",
      "title": "",
      "fullFile": "cypress\\e2e\\test\\PageObjects\\cartMulti.cy.js",
      "file": "cypress\\e2e\\test\\PageObjects\\cartMulti.cy.js",
      "beforeHooks": [],
      "afterHooks": [],
      "tests": [],
      "suites": [
        {
          "uuid": "918cfc8f-8f0a-47f1-8844-f4ba8b1292e1",
          "title": "single product checkout & multiple products checkout",
          "fullFile": "",
          "file": "",
          "beforeHooks": [],
          "afterHooks": [],
          "tests": [
            {
              "title": "Should add a single product to cart & proceed to checkout",
              "fullTitle": "single product checkout & multiple products checkout Should add a single product to cart & proceed to checkout",
              "timedOut": null,
              "duration": 3205,
              "state": "passed",
              "speed": "fast",
              "pass": true,
              "fail": false,
              "pending": false,
              "context": null,
              "code": "//log into application with a valid user\n_auth.default.login('standard_user', 'secret_sauce'); //add a product to cart\n\n_cart.default.addToCart('Sauce Labs Backpack');\n_cart.default.navigateToCart(); //check that item was added to cart\n\ncy.get(_cart.default.cartNotification).should('have.text', 1);\ncy.get(_cart.default.cartQuantity).should('have.text', 1);\ncy.get(_cart.default.removeSauceLabBackPackBtn).should('be.visible');\ncy.get(_cart.default.cartItemsName).should('have.text', 'Sauce Labs Backpack'); //continue to checkout\ncy.get(_cart.default.checkOutBtn).click();\n_checkout.default.addInfo('Vanessa', 'Russell', '00000');",
              "err": {},
              "uuid": "95423c30-6817-4aeb-9840-606b1f102a3e",
              "parentUUID": "918cfc8f-8f0a-47f1-8844-f4ba8b1292e1",
              "isHook": false,
              "skipped": false
            },
            {
              "title": "Should add multiple products to cart & proceed to checkout",
              "fullTitle": "single product checkout & multiple products checkout Should add multiple products to cart & proceed to checkout",
              "timedOut": null,
              "duration": 2391,
              "state": "passed",
              "speed": "fast",
              "pass": true,
              "fail": false,
              "pending": false,
              "context": null,
              "code": "_auth.default.login('standard_user', 'secret_sauce');\n_cart.default.addToCart('Sauce Labs Backpack');\n_cart.default.addToCart('Sauce Labs Bike Light');\n_cart.default.addToCart('Sauce Labs Bolt T-Shirt'); //Cart.addToCart()\n\n_cart.default.navigateToCart();\ncy.get(_cart.default.cartNotification).should('have.text', 3);\ncy.get(_cart.default.cartQuantity).should('have.text', 111);\ncy.get(_cart.default.removeSauceLabBackPackBtn).should('be.visible');\ncy.get(_cart.default.cartItemsName).should('have.text', 'Sauce Labs BackpackSauce Labs Bike LightSauce Labs Bolt T-Shirt'); //continue to checkout\ncy.get(_cart.default.checkOutBtn).click();\n_checkout.default.addInfo('Vanessa', 'Russell', '00000');",
              "err": {},
              "uuid": "bfc194de-fa83-44e3-871b-0e57301c1230",
              "parentUUID": "918cfc8f-8f0a-47f1-8844-f4ba8b1292e1",
              "isHook": false,
              "skipped": false
            }
          ],
          "suites": [],
          "passes": [
            "95423c30-6817-4aeb-9840-606b1f102a3e",
            "bfc194de-fa83-44e3-871b-0e57301c1230"
          ],
          "failures": [],
          "pending": [],
          "skipped": [],
          "duration": 5596,
          "root": false,
          "rootEmpty": false,
          "_timeout": 2000
        }
      ],
      "passes": [],
      "failures": [],
      "pending": [],
      "skipped": [],
      "duration": 0,
      "root": true,
      "rootEmpty": true,
      "_timeout": 2000
    }
  ],
  "meta": {
    "mocha": {
      "version": "7.0.1"
    },
    "mochawesome": {
      "options": {
        "quiet": false,
        "reportFilename": "mochawesome",
        "saveHtml": false,
        "saveJson": true,
        "consoleReporter": "spec",
        "useInlineDiffs": false,
        "code": true
      },
      "version": "7.1.3"
    },
    "marge": {
      "options": {
        "reportDir": "cypress/reports",
        "overwrite": false,
        "html": false,
        "json": true
      },
      "version": "6.2.0"
    }
  }
}