{
  "stats": {
    "suites": 1,
    "tests": 1,
    "passes": 0,
    "pending": 0,
    "failures": 1,
    "start": "2022-11-29T15:25:30.081Z",
    "end": "2022-11-29T15:25:30.525Z",
    "duration": 444,
    "testsRegistered": 1,
    "passPercent": 0,
    "pendingPercent": 0,
    "other": 0,
    "hasOther": false,
    "skipped": 0,
    "hasSkipped": false
  },
  "results": [
    {
      "uuid": "22e7392b-a908-497a-b7cd-70459e85fc35",
      "title": "",
      "fullFile": "cypress\\e2e\\test\\unhappyPath.cy.js",
      "file": "cypress\\e2e\\test\\unhappyPath.cy.js",
      "beforeHooks": [],
      "afterHooks": [],
      "tests": [],
      "suites": [
        {
          "uuid": "caa0c95e-9e97-418a-8af0-6692309a07cd",
          "title": "Authentification",
          "fullFile": "",
          "file": "",
          "beforeHooks": [],
          "afterHooks": [],
          "tests": [
            {
              "title": "Login with a valid user",
              "fullTitle": "Authentification Login with a valid user",
              "timedOut": null,
              "duration": 416,
              "state": "failed",
              "speed": null,
              "pass": false,
              "fail": true,
              "pending": false,
              "context": null,
              "code": "_auth.default.login('standard_user', 'wrongpassword');\ncy.get('.inventory_item_name').should('be.visible');\ncy.TestCommand();\ncy.url().should('contain', _routes.default.product);",
              "err": {
                "message": "TypeError: Cannot set property message of  which has only a getter\n\nBecause this error occurred during a `before each` hook we are skipping the remaining tests in the current suite: `Authentification`",
                "estack": "TypeError: Cannot set property message of  which has only a getter\n\nBecause this error occurred during a `before each` hook we are skipping the remaining tests in the current suite: `Authentification`\n    at modifyErrMsg (https://www.saucedemo.com/__cypress/runner/cypress_runner.js:161163:15)\n    at Object.appendErrMsg (https://www.saucedemo.com/__cypress/runner/cypress_runner.js:161169:10)\n    at Runner.<anonymous> (https://www.saucedemo.com/__cypress/runner/cypress_runner.js:164873:76)\n    at Runner.emit (https://www.saucedemo.com/__cypress/runner/cypress_runner.js:20883:7)\n    at ../driver/node_modules/mocha/lib/runner.js.Runner.fail (https://www.saucedemo.com/__cypress/runner/cypress_runner.js:108412:8)\n    at Runner.fail (https://www.saucedemo.com/__cypress/runner/cypress_runner.js:163046:25)\n    at ../driver/node_modules/mocha/lib/runner.js.Runner.failHook (https://www.saucedemo.com/__cypress/runner/cypress_runner.js:108450:8)\n    at Hook.<anonymous> (https://www.saucedemo.com/__cypress/runner/cypress_runner.js:108524:14)\n    at next (https://www.saucedemo.com/__cypress/runner/cypress_runner.js:165309:24)\n    at https://www.saucedemo.com/__cypress/runner/cypress_runner.js:165338:13\n    at tryCatcher (https://www.saucedemo.com/__cypress/runner/cypress_runner.js:11327:23)\n    at Promise._settlePromiseFromHandler (https://www.saucedemo.com/__cypress/runner/cypress_runner.js:9262:31)\n    at Promise._settlePromise (https://www.saucedemo.com/__cypress/runner/cypress_runner.js:9319:18)\n    at Promise._settlePromise0 (https://www.saucedemo.com/__cypress/runner/cypress_runner.js:9364:10)\n    at Promise._settlePromises (https://www.saucedemo.com/__cypress/runner/cypress_runner.js:9444:18)\n    at Promise._fulfill (https://www.saucedemo.com/__cypress/runner/cypress_runner.js:9388:18)\n    at Promise._resolveCallback (https://www.saucedemo.com/__cypress/runner/cypress_runner.js:9182:57)\n    at Promise._settlePromiseFromHandler (https://www.saucedemo.com/__cypress/runner/cypress_runner.js:9274:17)\n    at Promise._settlePromise (https://www.saucedemo.com/__cypress/runner/cypress_runner.js:9319:18)\n    at Promise._settlePromise0 (https://www.saucedemo.com/__cypress/runner/cypress_runner.js:9364:10)\n    at Promise._settlePromises (https://www.saucedemo.com/__cypress/runner/cypress_runner.js:9444:18)\n    at Promise._fulfill (https://www.saucedemo.com/__cypress/runner/cypress_runner.js:9388:18)",
                "diff": null
              },
              "uuid": "d0ca72e0-4d3f-475d-8f2d-09af6e3c5356",
              "parentUUID": "caa0c95e-9e97-418a-8af0-6692309a07cd",
              "isHook": false,
              "skipped": false
            }
          ],
          "suites": [],
          "passes": [],
          "failures": [
            "d0ca72e0-4d3f-475d-8f2d-09af6e3c5356"
          ],
          "pending": [],
          "skipped": [],
          "duration": 416,
          "root": false,
          "rootEmpty": false,
          "_timeout": 2000
        }
      ],
      "passes": [],
      "failures": [],
      "pending": [],
      "skipped": [],
      "duration": 0,
      "root": true,
      "rootEmpty": true,
      "_timeout": 2000
    }
  ],
  "meta": {
    "mocha": {
      "version": "7.0.1"
    },
    "mochawesome": {
      "options": {
        "quiet": false,
        "reportFilename": "mochawesome",
        "saveHtml": false,
        "saveJson": true,
        "consoleReporter": "spec",
        "useInlineDiffs": false,
        "code": true
      },
      "version": "7.1.3"
    },
    "marge": {
      "options": {
        "reportDir": "cypress/reports",
        "overwrite": false,
        "html": false,
        "json": true
      },
      "version": "6.2.0"
    }
  }
}