{
  "stats": {
    "suites": 1,
    "tests": 2,
    "passes": 2,
    "pending": 0,
    "failures": 0,
    "start": "2022-12-03T00:52:37.034Z",
    "end": "2022-12-03T00:52:39.255Z",
    "duration": 2221,
    "testsRegistered": 2,
    "passPercent": 100,
    "pendingPercent": 0,
    "other": 0,
    "hasOther": false,
    "skipped": 0,
    "hasSkipped": false
  },
  "results": [
    {
      "uuid": "0131dd5f-48ba-4e2d-839c-166982137f0e",
      "title": "",
      "fullFile": "cypress\\e2e\\test\\Negative\\negativeTest.cy.js",
      "file": "cypress\\e2e\\test\\Negative\\negativeTest.cy.js",
      "beforeHooks": [],
      "afterHooks": [],
      "tests": [],
      "suites": [
        {
          "uuid": "779f6eb4-7e7b-4dd7-8867-c2c62cac27c8",
          "title": "Authentication Error",
          "fullFile": "",
          "file": "",
          "beforeHooks": [],
          "afterHooks": [],
          "tests": [
            {
              "title": "Locked out user cannot login",
              "fullTitle": "Authentication Error Locked out user cannot login",
              "timedOut": null,
              "duration": 1229,
              "state": "passed",
              "speed": "fast",
              "pass": true,
              "fail": false,
              "pending": false,
              "context": null,
              "code": "_auth.default.login('locked_out_user', 'secret_sauce');\ncy.get('.error-message-container.error').should('be.visible');\ncy.TestCommand();",
              "err": {},
              "uuid": "222d3c34-36a2-44e7-af98-2e51951f9227",
              "parentUUID": "779f6eb4-7e7b-4dd7-8867-c2c62cac27c8",
              "isHook": false,
              "skipped": false
            },
            {
              "title": "Valid user should not login with invalid passsword",
              "fullTitle": "Authentication Error Valid user should not login with invalid passsword",
              "timedOut": null,
              "duration": 952,
              "state": "passed",
              "speed": "fast",
              "pass": true,
              "fail": false,
              "pending": false,
              "context": null,
              "code": "_auth.default.login('standard_user', 'wrongpassword');\ncy.get('.error-message-container.error').should('be.visible');\ncy.TestCommand();",
              "err": {},
              "uuid": "c4fe4c85-bb7e-495e-83b8-e58273ede0db",
              "parentUUID": "779f6eb4-7e7b-4dd7-8867-c2c62cac27c8",
              "isHook": false,
              "skipped": false
            }
          ],
          "suites": [],
          "passes": [
            "222d3c34-36a2-44e7-af98-2e51951f9227",
            "c4fe4c85-bb7e-495e-83b8-e58273ede0db"
          ],
          "failures": [],
          "pending": [],
          "skipped": [],
          "duration": 2181,
          "root": false,
          "rootEmpty": false,
          "_timeout": 2000
        }
      ],
      "passes": [],
      "failures": [],
      "pending": [],
      "skipped": [],
      "duration": 0,
      "root": true,
      "rootEmpty": true,
      "_timeout": 2000
    }
  ],
  "meta": {
    "mocha": {
      "version": "7.0.1"
    },
    "mochawesome": {
      "options": {
        "quiet": false,
        "reportFilename": "mochawesome",
        "saveHtml": false,
        "saveJson": true,
        "consoleReporter": "spec",
        "useInlineDiffs": false,
        "code": true
      },
      "version": "7.1.3"
    },
    "marge": {
      "options": {
        "reportDir": "cypress/reports",
        "overwrite": false,
        "html": false,
        "json": true
      },
      "version": "6.2.0"
    }
  }
}