{
  "stats": {
    "suites": 1,
    "tests": 3,
    "passes": 3,
    "pending": 0,
    "failures": 0,
    "start": "2022-12-03T00:52:42.145Z",
    "end": "2022-12-03T00:52:46.110Z",
    "duration": 3965,
    "testsRegistered": 3,
    "passPercent": 100,
    "pendingPercent": 0,
    "other": 0,
    "hasOther": false,
    "skipped": 0,
    "hasSkipped": false
  },
  "results": [
    {
      "uuid": "50357062-0a48-435e-b1c2-5237e5e11027",
      "title": "",
      "fullFile": "cypress\\e2e\\test\\InClassActivities\\activity3.cy.js",
      "file": "cypress\\e2e\\test\\InClassActivities\\activity3.cy.js",
      "beforeHooks": [],
      "afterHooks": [],
      "tests": [],
      "suites": [
        {
          "uuid": "a5da7dbc-2f35-4f1a-87ef-808bb61f47cc",
          "title": "Activity 3",
          "fullFile": "",
          "file": "",
          "beforeHooks": [],
          "afterHooks": [],
          "tests": [
            {
              "title": "Login with a valid user",
              "fullTitle": "Activity 3 Login with a valid user",
              "timedOut": null,
              "duration": 1278,
              "state": "passed",
              "speed": "fast",
              "pass": true,
              "fail": false,
              "pending": false,
              "context": null,
              "code": "// Enter username & password then click the login button\ncy.get('#user-name').type('standard_user');\ncy.get('#password').type('secret_sauce');\ncy.get('#login-button').click();",
              "err": {},
              "uuid": "fc4ab5ed-e521-4412-a8e2-db35b1446608",
              "parentUUID": "a5da7dbc-2f35-4f1a-87ef-808bb61f47cc",
              "isHook": false,
              "skipped": false
            },
            {
              "title": "Add a single product to cart",
              "fullTitle": "Activity 3 Add a single product to cart",
              "timedOut": null,
              "duration": 1272,
              "state": "passed",
              "speed": "fast",
              "pass": true,
              "fail": false,
              "pending": false,
              "context": null,
              "code": "// Login with a valid user\ncy.get('#user-name').type('standard_user');\ncy.get('#password').type('secret_sauce');\ncy.get('#login-button').click(); // Add the saucelabs backpack to the cart\ncy.get('#add-to-cart-sauce-labs-backpack').click();",
              "err": {},
              "uuid": "dfe1de30-7924-4fc6-8635-06d669615e23",
              "parentUUID": "a5da7dbc-2f35-4f1a-87ef-808bb61f47cc",
              "isHook": false,
              "skipped": false
            },
            {
              "title": "Remove one item from cart",
              "fullTitle": "Activity 3 Remove one item from cart",
              "timedOut": null,
              "duration": 1373,
              "state": "passed",
              "speed": "fast",
              "pass": true,
              "fail": false,
              "pending": false,
              "context": null,
              "code": "// Login with a valid user\ncy.get('#user-name').type('standard_user');\ncy.get('#password').type('secret_sauce');\ncy.get('#login-button').click(); // Add the saucelabs backpack to the cart\ncy.get('#add-to-cart-sauce-labs-backpack').click(); // Navigate to cart and remove the saucelabs backpack from the cart\ncy.get('.shopping_cart_link').click();\ncy.get('#remove-sauce-labs-backpack').click();",
              "err": {},
              "uuid": "258ad87a-be01-4de4-9856-b66fd4f546d0",
              "parentUUID": "a5da7dbc-2f35-4f1a-87ef-808bb61f47cc",
              "isHook": false,
              "skipped": false
            }
          ],
          "suites": [],
          "passes": [
            "fc4ab5ed-e521-4412-a8e2-db35b1446608",
            "dfe1de30-7924-4fc6-8635-06d669615e23",
            "258ad87a-be01-4de4-9856-b66fd4f546d0"
          ],
          "failures": [],
          "pending": [],
          "skipped": [],
          "duration": 3923,
          "root": false,
          "rootEmpty": false,
          "_timeout": 2000
        }
      ],
      "passes": [],
      "failures": [],
      "pending": [],
      "skipped": [],
      "duration": 0,
      "root": true,
      "rootEmpty": true,
      "_timeout": 2000
    }
  ],
  "meta": {
    "mocha": {
      "version": "7.0.1"
    },
    "mochawesome": {
      "options": {
        "quiet": false,
        "reportFilename": "mochawesome",
        "saveHtml": false,
        "saveJson": true,
        "consoleReporter": "spec",
        "useInlineDiffs": false,
        "code": true
      },
      "version": "7.1.3"
    },
    "marge": {
      "options": {
        "reportDir": "cypress/reports",
        "overwrite": false,
        "html": false,
        "json": true
      },
      "version": "6.2.0"
    }
  }
}