{
  "stats": {
    "suites": 1,
    "tests": 2,
    "passes": 0,
    "pending": 0,
    "failures": 2,
    "start": "2022-12-01T14:48:57.468Z",
    "end": "2022-12-01T14:49:09.997Z",
    "duration": 12529,
    "testsRegistered": 2,
    "passPercent": 0,
    "pendingPercent": 0,
    "other": 0,
    "hasOther": false,
    "skipped": 0,
    "hasSkipped": false
  },
  "results": [
    {
      "uuid": "2b46328a-b276-4fbc-9c66-c7677a12d421",
      "title": "",
      "fullFile": "cypress\\e2e\\test\\Checkout\\cart.cy.js",
      "file": "cypress\\e2e\\test\\Checkout\\cart.cy.js",
      "beforeHooks": [],
      "afterHooks": [],
      "tests": [],
      "suites": [
        {
          "uuid": "c861cf0b-fc7e-472b-8478-19e0fe434395",
          "title": "Adding & removing a product from the cart",
          "fullFile": "",
          "file": "",
          "beforeHooks": [],
          "afterHooks": [],
          "tests": [
            {
              "title": "Add a single product to cart",
              "fullTitle": "Adding & removing a product from the cart Add a single product to cart",
              "timedOut": null,
              "duration": 6332,
              "state": "failed",
              "speed": null,
              "pass": false,
              "fail": true,
              "pending": false,
              "context": null,
              "code": "_auth.default.login('standard_user', 'secret_sauce');\n_cart.default.addToCart('Sauce Labs Backpack');\n_cart.default.navigateToCart();\ncy.get(_cart.default.cartNotification).should('have.text', 1);\ncy.get(_cart.default.cartQuantity).should('have.text', 1);\ncy.get(_cart.default.removeSauceLabBackPackBtn).should('be.visible');\ncy.get(_cart.default.cartItemsName).should('have.text', 'Sauce Labs Backpack');",
              "err": {
                "message": "AssertionError: Timed out retrying after 4000ms: Expected to find element: `.shopping_cart_badge`, but never found it.",
                "estack": "AssertionError: Timed out retrying after 4000ms: Expected to find element: `.shopping_cart_badge`, but never found it.\n    at Context.eval (webpack:///./cypress/e2e/test/Checkout/cart.cy.js:16:38)",
                "diff": null
              },
              "uuid": "b640c31b-4070-491b-bbc3-702793f5e571",
              "parentUUID": "c861cf0b-fc7e-472b-8478-19e0fe434395",
              "isHook": false,
              "skipped": false
            },
            {
              "title": "Remove one item from cart",
              "fullTitle": "Adding & removing a product from the cart Remove one item from cart",
              "timedOut": null,
              "duration": 5870,
              "state": "failed",
              "speed": null,
              "pass": false,
              "fail": true,
              "pending": false,
              "context": null,
              "code": "_auth.default.login('standard_user', 'secret_sauce');\n_cart.default.addToCart('Sauce Labs Backpack');\n_cart.default.navigateToCart(); // Assert that there is 1 item in the cart then remove the item\n\ncy.get(_cart.default.cartQuantity).should('have.text', 1);\ncy.get(_cart.default.cartItemsName).should('have.text', 'Sauce Labs Backpack');\ncy.get(_cart.default.removeSauceLabBackPackBtn).click(); // Assert that the item was removed and the cart is empty\ncy.get(_cart.default.cartItemsName).should('not.exist');\ncy.get(_cart.default.removedCartItem).should('exist');",
              "err": {
                "message": "AssertionError: Timed out retrying after 4000ms: Expected to find element: `.cart_quantity`, but never found it.",
                "estack": "AssertionError: Timed out retrying after 4000ms: Expected to find element: `.cart_quantity`, but never found it.\n    at Context.eval (webpack:///./cypress/e2e/test/Checkout/cart.cy.js:29:34)",
                "diff": null
              },
              "uuid": "c0f6d838-9483-4eee-91c4-7d2c43ddb294",
              "parentUUID": "c861cf0b-fc7e-472b-8478-19e0fe434395",
              "isHook": false,
              "skipped": false
            }
          ],
          "suites": [],
          "passes": [],
          "failures": [
            "b640c31b-4070-491b-bbc3-702793f5e571",
            "c0f6d838-9483-4eee-91c4-7d2c43ddb294"
          ],
          "pending": [],
          "skipped": [],
          "duration": 12202,
          "root": false,
          "rootEmpty": false,
          "_timeout": 2000
        }
      ],
      "passes": [],
      "failures": [],
      "pending": [],
      "skipped": [],
      "duration": 0,
      "root": true,
      "rootEmpty": true,
      "_timeout": 2000
    }
  ],
  "meta": {
    "mocha": {
      "version": "7.0.1"
    },
    "mochawesome": {
      "options": {
        "quiet": false,
        "reportFilename": "mochawesome",
        "saveHtml": false,
        "saveJson": true,
        "consoleReporter": "spec",
        "useInlineDiffs": false,
        "code": true
      },
      "version": "7.1.3"
    },
    "marge": {
      "options": {
        "reportDir": "cypress/reports",
        "overwrite": false,
        "html": false,
        "json": true
      },
      "version": "6.2.0"
    }
  }
}