{
  "stats": {
    "suites": 1,
    "tests": 2,
    "passes": 2,
    "pending": 0,
    "failures": 0,
    "start": "2022-12-03T00:48:24.299Z",
    "end": "2022-12-03T00:48:26.177Z",
    "duration": 1878,
    "testsRegistered": 2,
    "passPercent": 100,
    "pendingPercent": 0,
    "other": 0,
    "hasOther": false,
    "skipped": 0,
    "hasSkipped": false
  },
  "results": [
    {
      "uuid": "a74c5cb2-19c8-4b74-9443-ac7d2f93eba1",
      "title": "",
      "fullFile": "cypress\\e2e\\test\\Negative\\negativeTest.cy.js",
      "file": "cypress\\e2e\\test\\Negative\\negativeTest.cy.js",
      "beforeHooks": [],
      "afterHooks": [],
      "tests": [],
      "suites": [
        {
          "uuid": "f049188e-1b9c-42f0-bb5a-78abd52f585b",
          "title": "Authentication Error",
          "fullFile": "",
          "file": "",
          "beforeHooks": [],
          "afterHooks": [],
          "tests": [
            {
              "title": "Locked out user cannot login",
              "fullTitle": "Authentication Error Locked out user cannot login",
              "timedOut": null,
              "duration": 987,
              "state": "passed",
              "speed": "fast",
              "pass": true,
              "fail": false,
              "pending": false,
              "context": null,
              "code": "_auth.default.login('locked_out_user', 'secret_sauce');\ncy.get('.error-message-container.error').should('be.visible');\ncy.TestCommand();",
              "err": {},
              "uuid": "da28bdf8-55a3-44e0-8475-4d7b04d36add",
              "parentUUID": "f049188e-1b9c-42f0-bb5a-78abd52f585b",
              "isHook": false,
              "skipped": false
            },
            {
              "title": "Valid user should not login with invalid passsword",
              "fullTitle": "Authentication Error Valid user should not login with invalid passsword",
              "timedOut": null,
              "duration": 857,
              "state": "passed",
              "speed": "fast",
              "pass": true,
              "fail": false,
              "pending": false,
              "context": null,
              "code": "_auth.default.login('standard_user', 'wrongpassword');\ncy.get('.error-message-container.error').should('be.visible');\ncy.TestCommand();",
              "err": {},
              "uuid": "94b8254c-2255-4fce-ab90-36a57bd6943e",
              "parentUUID": "f049188e-1b9c-42f0-bb5a-78abd52f585b",
              "isHook": false,
              "skipped": false
            }
          ],
          "suites": [],
          "passes": [
            "da28bdf8-55a3-44e0-8475-4d7b04d36add",
            "94b8254c-2255-4fce-ab90-36a57bd6943e"
          ],
          "failures": [],
          "pending": [],
          "skipped": [],
          "duration": 1844,
          "root": false,
          "rootEmpty": false,
          "_timeout": 2000
        }
      ],
      "passes": [],
      "failures": [],
      "pending": [],
      "skipped": [],
      "duration": 0,
      "root": true,
      "rootEmpty": true,
      "_timeout": 2000
    }
  ],
  "meta": {
    "mocha": {
      "version": "7.0.1"
    },
    "mochawesome": {
      "options": {
        "quiet": false,
        "reportFilename": "mochawesome",
        "saveHtml": false,
        "saveJson": true,
        "consoleReporter": "spec",
        "useInlineDiffs": false,
        "code": true
      },
      "version": "7.1.3"
    },
    "marge": {
      "options": {
        "reportDir": "cypress/reports",
        "overwrite": false,
        "html": false,
        "json": true
      },
      "version": "6.2.0"
    }
  }
}