{
  "stats": {
    "suites": 1,
    "tests": 1,
    "passes": 1,
    "pending": 0,
    "failures": 0,
    "start": "2022-12-02T22:38:15.073Z",
    "end": "2022-12-02T22:38:18.054Z",
    "duration": 2981,
    "testsRegistered": 1,
    "passPercent": 100,
    "pendingPercent": 0,
    "other": 0,
    "hasOther": false,
    "skipped": 0,
    "hasSkipped": false
  },
  "results": [
    {
      "uuid": "08b9ec5e-b549-433e-93f1-0bdcccacf046",
      "title": "",
      "fullFile": "cypress\\e2e\\test\\PageObjects\\cart1.cy.js",
      "file": "cypress\\e2e\\test\\PageObjects\\cart1.cy.js",
      "beforeHooks": [],
      "afterHooks": [],
      "tests": [],
      "suites": [
        {
          "uuid": "14e034f4-2d50-43aa-a7a1-b087051e87a9",
          "title": "Add a single product to cart & checkout",
          "fullFile": "",
          "file": "",
          "beforeHooks": [],
          "afterHooks": [],
          "tests": [
            {
              "title": "Add a single product to cart",
              "fullTitle": "Add a single product to cart & checkout Add a single product to cart",
              "timedOut": null,
              "duration": 2949,
              "state": "passed",
              "speed": "fast",
              "pass": true,
              "fail": false,
              "pending": false,
              "context": null,
              "code": "//log into application with a valid user\n_auth.default.login('standard_user', 'secret_sauce'); //add a product to cart\n\n_cart.default.addToCart('Sauce Labs Backpack');\n_cart.default.navigateToCart(); //check that item was added to cart\n\ncy.get(_cart.default.cartNotification).should('have.text', 1);\ncy.get(_cart.default.cartQuantity).should('have.text', 1);\ncy.get(_cart.default.removeSauceLabBackPackBtn).should('be.visible');\ncy.get(_cart.default.cartItemsName).should('have.text', 'Sauce Labs Backpack'); //continue to checkout\ncy.get(_cart.default.checkOutBtn).click();\n_checkout.default.addInfo('Vanessa', 'Russell', '00000');",
              "err": {},
              "uuid": "0418ec64-9bd1-4519-81b9-0a4d6619a916",
              "parentUUID": "14e034f4-2d50-43aa-a7a1-b087051e87a9",
              "isHook": false,
              "skipped": false
            }
          ],
          "suites": [],
          "passes": [
            "0418ec64-9bd1-4519-81b9-0a4d6619a916"
          ],
          "failures": [],
          "pending": [],
          "skipped": [],
          "duration": 2949,
          "root": false,
          "rootEmpty": false,
          "_timeout": 2000
        }
      ],
      "passes": [],
      "failures": [],
      "pending": [],
      "skipped": [],
      "duration": 0,
      "root": true,
      "rootEmpty": true,
      "_timeout": 2000
    }
  ],
  "meta": {
    "mocha": {
      "version": "7.0.1"
    },
    "mochawesome": {
      "options": {
        "quiet": false,
        "reportFilename": "mochawesome",
        "saveHtml": false,
        "saveJson": true,
        "consoleReporter": "spec",
        "useInlineDiffs": false,
        "code": true
      },
      "version": "7.1.3"
    },
    "marge": {
      "options": {
        "reportDir": "cypress/reports",
        "overwrite": false,
        "html": false,
        "json": true
      },
      "version": "6.2.0"
    }
  }
}