{
  "stats": {
    "suites": 1,
    "tests": 1,
    "passes": 0,
    "pending": 0,
    "failures": 1,
    "start": "2022-11-30T16:52:36.766Z",
    "end": "2022-11-30T16:52:43.975Z",
    "duration": 7209,
    "testsRegistered": 1,
    "passPercent": 0,
    "pendingPercent": 0,
    "other": 0,
    "hasOther": false,
    "skipped": 0,
    "hasSkipped": false
  },
  "results": [
    {
      "uuid": "3182dd67-18fd-48b5-a7ae-a24dc37f99c7",
      "title": "",
      "fullFile": "cypress\\e2e\\test\\unhappyPath.cy.js",
      "file": "cypress\\e2e\\test\\unhappyPath.cy.js",
      "beforeHooks": [],
      "afterHooks": [],
      "tests": [],
      "suites": [
        {
          "uuid": "77ebe144-bf70-4578-a23c-5a7ad4416438",
          "title": "Authentification",
          "fullFile": "",
          "file": "",
          "beforeHooks": [],
          "afterHooks": [],
          "tests": [
            {
              "title": "Login with a valid user",
              "fullTitle": "Authentification Login with a valid user",
              "timedOut": null,
              "duration": 6852,
              "state": "failed",
              "speed": null,
              "pass": false,
              "fail": true,
              "pending": false,
              "context": null,
              "code": "_auth.default.login('standard_user', 'wrongpassword');\ncy.get('.inventory_item_name').should('be.visible');\ncy.TestCommand();\ncy.url().should('contain', _routes.default.product);",
              "err": {
                "message": "AssertionError: Timed out retrying after 4000ms: Expected to find element: `.inventory_item_name`, but never found it.",
                "estack": "AssertionError: Timed out retrying after 4000ms: Expected to find element: `.inventory_item_name`, but never found it.\n    at Context.eval (webpack:///./cypress/e2e/test/unhappyPath.cy.js:13:39)",
                "diff": null
              },
              "uuid": "ec8d2454-9deb-4df8-821b-90ea93734092",
              "parentUUID": "77ebe144-bf70-4578-a23c-5a7ad4416438",
              "isHook": false,
              "skipped": false
            }
          ],
          "suites": [],
          "passes": [],
          "failures": [
            "ec8d2454-9deb-4df8-821b-90ea93734092"
          ],
          "pending": [],
          "skipped": [],
          "duration": 6852,
          "root": false,
          "rootEmpty": false,
          "_timeout": 2000
        }
      ],
      "passes": [],
      "failures": [],
      "pending": [],
      "skipped": [],
      "duration": 0,
      "root": true,
      "rootEmpty": true,
      "_timeout": 2000
    }
  ],
  "meta": {
    "mocha": {
      "version": "7.0.1"
    },
    "mochawesome": {
      "options": {
        "quiet": false,
        "reportFilename": "mochawesome",
        "saveHtml": false,
        "saveJson": true,
        "consoleReporter": "spec",
        "useInlineDiffs": false,
        "code": true
      },
      "version": "7.1.3"
    },
    "marge": {
      "options": {
        "reportDir": "cypress/reports",
        "overwrite": false,
        "html": false,
        "json": true
      },
      "version": "6.2.0"
    }
  }
}