{
  "stats": {
    "suites": 1,
    "tests": 2,
    "passes": 0,
    "pending": 0,
    "failures": 2,
    "start": "2022-11-30T16:51:51.457Z",
    "end": "2022-11-30T16:52:05.256Z",
    "duration": 13799,
    "testsRegistered": 2,
    "passPercent": 0,
    "pendingPercent": 0,
    "other": 0,
    "hasOther": false,
    "skipped": 0,
    "hasSkipped": false
  },
  "results": [
    {
      "uuid": "b1904447-42ce-4418-94d9-6aaf9b488e6c",
      "title": "",
      "fullFile": "cypress\\e2e\\test\\cart.cy.js",
      "file": "cypress\\e2e\\test\\cart.cy.js",
      "beforeHooks": [],
      "afterHooks": [],
      "tests": [],
      "suites": [
        {
          "uuid": "bff6423a-ac46-412f-9b90-e536c0874642",
          "title": "Activity 6",
          "fullFile": "",
          "file": "",
          "beforeHooks": [],
          "afterHooks": [],
          "tests": [
            {
              "title": "Add a single product to cart",
              "fullTitle": "Activity 6 Add a single product to cart",
              "timedOut": null,
              "duration": 6706,
              "state": "failed",
              "speed": null,
              "pass": false,
              "fail": true,
              "pending": false,
              "context": null,
              "code": "_auth.default.login('standard_user', 'secret_sauce');\n_cart.default.addToCart('Sauce Labs Backpack');\n_cart.default.navigateToCart();\ncy.get(_cart.default.cartNotification).should('have.text', 1);\ncy.get(_cart.default.cartQuantity).should('have.text', 1);\ncy.get(_cart.default.removeSauceLabBackPackBtn).should('be.visible');\ncy.get(_cart.default.cartItemsName).should('have.text', 'Sauce Labs Backpack');",
              "err": {
                "message": "AssertionError: Timed out retrying after 4000ms: Expected to find element: `.shopping_cart_badge`, but never found it.",
                "estack": "AssertionError: Timed out retrying after 4000ms: Expected to find element: `.shopping_cart_badge`, but never found it.\n    at Context.eval (webpack:///./cypress/e2e/test/cart.cy.js:16:38)",
                "diff": null
              },
              "uuid": "32739aff-649c-4efe-980d-8e0e91755520",
              "parentUUID": "bff6423a-ac46-412f-9b90-e536c0874642",
              "isHook": false,
              "skipped": false
            },
            {
              "title": "Remove one item from cart",
              "fullTitle": "Activity 6 Remove one item from cart",
              "timedOut": null,
              "duration": 6594,
              "state": "failed",
              "speed": null,
              "pass": false,
              "fail": true,
              "pending": false,
              "context": null,
              "code": "_auth.default.login('standard_user', 'secret_sauce');\n_cart.default.addToCart('Sauce Labs Backpack');\n_cart.default.navigateToCart(); // Assert that there is 1 item in the cart then remove the item\n\ncy.get(_cart.default.cartQuantity).should('have.text', 1);\ncy.get(_cart.default.cartItemsName).should('have.text', 'Sauce Labs Backpack');\ncy.get(_cart.default.removeSauceLabBackPackBtn).click(); // Assert that the item was removed and the cart is empty\ncy.get(_cart.default.cartItemsName).should('not.exist');\ncy.get(_cart.default.removedCartItem).should('exist');",
              "err": {
                "message": "AssertionError: Timed out retrying after 4000ms: Expected to find element: `.cart_quantity`, but never found it.",
                "estack": "AssertionError: Timed out retrying after 4000ms: Expected to find element: `.cart_quantity`, but never found it.\n    at Context.eval (webpack:///./cypress/e2e/test/cart.cy.js:29:34)",
                "diff": null
              },
              "uuid": "c34622b7-319b-4b1f-88bf-b869eefa861c",
              "parentUUID": "bff6423a-ac46-412f-9b90-e536c0874642",
              "isHook": false,
              "skipped": false
            }
          ],
          "suites": [],
          "passes": [],
          "failures": [
            "32739aff-649c-4efe-980d-8e0e91755520",
            "c34622b7-319b-4b1f-88bf-b869eefa861c"
          ],
          "pending": [],
          "skipped": [],
          "duration": 13300,
          "root": false,
          "rootEmpty": false,
          "_timeout": 2000
        }
      ],
      "passes": [],
      "failures": [],
      "pending": [],
      "skipped": [],
      "duration": 0,
      "root": true,
      "rootEmpty": true,
      "_timeout": 2000
    }
  ],
  "meta": {
    "mocha": {
      "version": "7.0.1"
    },
    "mochawesome": {
      "options": {
        "quiet": false,
        "reportFilename": "mochawesome",
        "saveHtml": false,
        "saveJson": true,
        "consoleReporter": "spec",
        "useInlineDiffs": false,
        "code": true
      },
      "version": "7.1.3"
    },
    "marge": {
      "options": {
        "reportDir": "cypress/reports",
        "overwrite": false,
        "html": false,
        "json": true
      },
      "version": "6.2.0"
    }
  }
}