{
  "stats": {
    "suites": 1,
    "tests": 1,
    "passes": 0,
    "pending": 0,
    "failures": 1,
    "start": "2022-12-01T04:51:47.485Z",
    "end": "2022-12-01T04:51:55.446Z",
    "duration": 7961,
    "testsRegistered": 1,
    "passPercent": 0,
    "pendingPercent": 0,
    "other": 0,
    "hasOther": false,
    "skipped": 0,
    "hasSkipped": false
  },
  "results": [
    {
      "uuid": "227fe225-dea8-4f43-9aef-e2e8966c0bd8",
      "title": "",
      "fullFile": "cypress\\e2e\\test\\removeFromCart.cy.js",
      "file": "cypress\\e2e\\test\\removeFromCart.cy.js",
      "beforeHooks": [],
      "afterHooks": [],
      "tests": [],
      "suites": [
        {
          "uuid": "6b07f052-b2a3-466c-ade3-cb129d0adbaf",
          "title": "Activity 6",
          "fullFile": "",
          "file": "",
          "beforeHooks": [],
          "afterHooks": [],
          "tests": [
            {
              "title": "Remove one item from cart",
              "fullTitle": "Activity 6 Remove one item from cart",
              "timedOut": null,
              "duration": 7416,
              "state": "failed",
              "speed": null,
              "pass": false,
              "fail": true,
              "pending": false,
              "context": null,
              "code": "_auth.default.login('standard_user', 'secret_sauce');\n_cart.default.addToCart('Sauce Labs Backpack');\n_cart.default.navigateToCart(); // Assert that there is 1 item in the cart then remove the item\n\ncy.get(_cart.default.cartQuantity).should('have.text', 1);\ncy.get(_cart.default.cartItemsName).should('have.text', 'Sauce Labs Backpack');\ncy.get(_cart.default.removeSauceLabBackPackBtn).click(); // Assert that the item was removed and the cart is empty\ncy.get(_cart.default.cartItemsName).should('not.exist');\ncy.get(_cart.default.removedCartItem).should('exist');",
              "err": {
                "message": "AssertionError: Timed out retrying after 4000ms: Expected to find element: `.cart_quantity`, but never found it.",
                "estack": "AssertionError: Timed out retrying after 4000ms: Expected to find element: `.cart_quantity`, but never found it.\n    at Context.eval (webpack:///./cypress/e2e/test/removeFromCart.cy.js:16:34)",
                "diff": null
              },
              "uuid": "0e6f3190-faae-4995-8fca-2eb2c162086c",
              "parentUUID": "6b07f052-b2a3-466c-ade3-cb129d0adbaf",
              "isHook": false,
              "skipped": false
            }
          ],
          "suites": [],
          "passes": [],
          "failures": [
            "0e6f3190-faae-4995-8fca-2eb2c162086c"
          ],
          "pending": [],
          "skipped": [],
          "duration": 7416,
          "root": false,
          "rootEmpty": false,
          "_timeout": 2000
        }
      ],
      "passes": [],
      "failures": [],
      "pending": [],
      "skipped": [],
      "duration": 0,
      "root": true,
      "rootEmpty": true,
      "_timeout": 2000
    }
  ],
  "meta": {
    "mocha": {
      "version": "7.0.1"
    },
    "mochawesome": {
      "options": {
        "quiet": false,
        "reportFilename": "mochawesome",
        "saveHtml": false,
        "saveJson": true,
        "consoleReporter": "spec",
        "useInlineDiffs": false,
        "code": true
      },
      "version": "7.1.3"
    },
    "marge": {
      "options": {
        "reportDir": "cypress/reports",
        "overwrite": false,
        "html": false,
        "json": true
      },
      "version": "6.2.0"
    }
  }
}