{
  "stats": {
    "suites": 1,
    "tests": 4,
    "passes": 2,
    "pending": 0,
    "failures": 2,
    "start": "2022-11-30T16:52:23.070Z",
    "end": "2022-11-30T16:52:29.131Z",
    "duration": 6061,
    "testsRegistered": 4,
    "passPercent": 50,
    "pendingPercent": 0,
    "other": 0,
    "hasOther": false,
    "skipped": 0,
    "hasSkipped": false
  },
  "results": [
    {
      "uuid": "9982a111-8868-450c-8afc-5711c2253e60",
      "title": "",
      "fullFile": "cypress\\e2e\\test\\sort.cy.js",
      "file": "cypress\\e2e\\test\\sort.cy.js",
      "beforeHooks": [],
      "afterHooks": [],
      "tests": [],
      "suites": [
        {
          "uuid": "cd42d851-6fb1-4a8a-96aa-68e39176be58",
          "title": "Sort",
          "fullFile": "",
          "file": "",
          "beforeHooks": [],
          "afterHooks": [],
          "tests": [
            {
              "title": "should sort product list from A-Z",
              "fullTitle": "Sort should sort product list from A-Z",
              "timedOut": null,
              "duration": 2318,
              "state": "passed",
              "speed": "fast",
              "pass": true,
              "fail": false,
              "pending": false,
              "context": null,
              "code": "_auth.default.login('standard_user', 'secret_sauce');\ncy.get('.product_sort_container').select('az');\nvar productList = ['Sauce Labs Backpack', 'Sauce Labs Bike Light', 'Sauce Labs Bolt T-Shirt', 'Sauce Labs Fleece Jacket', 'Sauce Labs Onesie', 'Test.allTheThings() T-Shirt (Red)'];\nproductList.sort();\ncy.get('.inventory_item_name').each(($elem, index) => {\n  expect($elem.text()).equal(productList[index]);\n});",
              "err": {},
              "uuid": "5731b2ac-c95b-4a42-b226-f92aa5779e85",
              "parentUUID": "cd42d851-6fb1-4a8a-96aa-68e39176be58",
              "isHook": false,
              "skipped": false
            },
            {
              "title": "should sort product list from Z-A",
              "fullTitle": "Sort should sort product list from Z-A",
              "timedOut": null,
              "duration": 1539,
              "state": "passed",
              "speed": "fast",
              "pass": true,
              "fail": false,
              "pending": false,
              "context": null,
              "code": "_auth.default.login('standard_user', 'secret_sauce');\ncy.get('.product_sort_container').select('za');\nvar productList = ['Sauce Labs Backpack', 'Sauce Labs Bike Light', 'Sauce Labs Bolt T-Shirt', 'Sauce Labs Fleece Jacket', 'Sauce Labs Onesie', 'Test.allTheThings() T-Shirt (Red)'];\nproductList.sort().reverse();\ncy.get('.inventory_item_name').each(($elem, index) => {\n  expect($elem.text()).equal(productList[index]);\n});",
              "err": {},
              "uuid": "dee91f8c-7d07-4cef-9423-0c5ba5f063a4",
              "parentUUID": "cd42d851-6fb1-4a8a-96aa-68e39176be58",
              "isHook": false,
              "skipped": false
            },
            {
              "title": "should sort product list from low to high",
              "fullTitle": "Sort should sort product list from low to high",
              "timedOut": null,
              "duration": 827,
              "state": "failed",
              "speed": null,
              "pass": false,
              "fail": true,
              "pending": false,
              "context": null,
              "code": "_auth.default.login('standard_user', 'secret_sauce');\nProduct.selectSort(ProductData.sort['Low to High']); // Sort data list based on price, from low to high\nProductData.products.sort((a, b) => a.price - b.price);\ncy.get(Product.itemsPrice).each(($elem, index) => {\n  expect($elem.text()).equal(`$${ProductData.products[index].price}`);\n});",
              "err": {
                "message": "ReferenceError: Product is not defined",
                "estack": "ReferenceError: Product is not defined\n    at Context.eval (webpack:///./cypress/e2e/test/sort.cy.js:35:8)",
                "diff": null
              },
              "uuid": "e78a7db2-7601-4e53-bc6e-930c5645b36a",
              "parentUUID": "cd42d851-6fb1-4a8a-96aa-68e39176be58",
              "isHook": false,
              "skipped": false
            },
            {
              "title": "should sort product list from high to low",
              "fullTitle": "Sort should sort product list from high to low",
              "timedOut": null,
              "duration": 940,
              "state": "failed",
              "speed": null,
              "pass": false,
              "fail": true,
              "pending": false,
              "context": null,
              "code": "_auth.default.login('standard_user', 'secret_sauce');\nProduct.selectSort(ProductData.sort['High to Low']); // Sort data list based on price, from high to low\nProductData.products.sort((a, b) => b.price - a.price); // Print the prices from the sorted list\n// ProductData.products.forEach(($elem, index)=>{\n//     cy.log($elem.price)\n// })\ncy.get(Product.itemsPrice).each(($elem, index) => {\n  expect($elem.text()).equal(`$${ProductData.products[index].price}`);\n});",
              "err": {
                "message": "ReferenceError: Product is not defined",
                "estack": "ReferenceError: Product is not defined\n    at Context.eval (webpack:///./cypress/e2e/test/sort.cy.js:47:8)",
                "diff": null
              },
              "uuid": "560a98af-0c21-4cbc-87da-eab896a34c1e",
              "parentUUID": "cd42d851-6fb1-4a8a-96aa-68e39176be58",
              "isHook": false,
              "skipped": false
            }
          ],
          "suites": [],
          "passes": [
            "5731b2ac-c95b-4a42-b226-f92aa5779e85",
            "dee91f8c-7d07-4cef-9423-0c5ba5f063a4"
          ],
          "failures": [
            "e78a7db2-7601-4e53-bc6e-930c5645b36a",
            "560a98af-0c21-4cbc-87da-eab896a34c1e"
          ],
          "pending": [],
          "skipped": [],
          "duration": 5624,
          "root": false,
          "rootEmpty": false,
          "_timeout": 2000
        }
      ],
      "passes": [],
      "failures": [],
      "pending": [],
      "skipped": [],
      "duration": 0,
      "root": true,
      "rootEmpty": true,
      "_timeout": 2000
    }
  ],
  "meta": {
    "mocha": {
      "version": "7.0.1"
    },
    "mochawesome": {
      "options": {
        "quiet": false,
        "reportFilename": "mochawesome",
        "saveHtml": false,
        "saveJson": true,
        "consoleReporter": "spec",
        "useInlineDiffs": false,
        "code": true
      },
      "version": "7.1.3"
    },
    "marge": {
      "options": {
        "reportDir": "cypress/reports",
        "overwrite": false,
        "html": false,
        "json": true
      },
      "version": "6.2.0"
    }
  }
}