{
  "stats": {
    "suites": 1,
    "tests": 3,
    "passes": 3,
    "pending": 0,
    "failures": 0,
    "start": "2022-12-01T14:59:39.182Z",
    "end": "2022-12-01T14:59:44.051Z",
    "duration": 4869,
    "testsRegistered": 3,
    "passPercent": 100,
    "pendingPercent": 0,
    "other": 0,
    "hasOther": false,
    "skipped": 0,
    "hasSkipped": false
  },
  "results": [
    {
      "uuid": "3f724af1-9ae9-4a0b-ad0e-f7c707b5144e",
      "title": "",
      "fullFile": "cypress\\e2e\\test\\InClassActivities\\activity3.cy.js",
      "file": "cypress\\e2e\\test\\InClassActivities\\activity3.cy.js",
      "beforeHooks": [],
      "afterHooks": [],
      "tests": [],
      "suites": [
        {
          "uuid": "3f99a0e4-e122-4d8d-a0db-13ea847fc28e",
          "title": "Activity 3",
          "fullFile": "",
          "file": "",
          "beforeHooks": [],
          "afterHooks": [],
          "tests": [
            {
              "title": "Login with a valid user",
              "fullTitle": "Activity 3 Login with a valid user",
              "timedOut": null,
              "duration": 1636,
              "state": "passed",
              "speed": "fast",
              "pass": true,
              "fail": false,
              "pending": false,
              "context": null,
              "code": "// Enter username & password then click the login button\ncy.get('#user-name').type('standard_user');\ncy.get('#password').type('secret_sauce');\ncy.get('#login-button').click();",
              "err": {},
              "uuid": "7302c1c8-889f-4e70-a4e6-5968a4c1c029",
              "parentUUID": "3f99a0e4-e122-4d8d-a0db-13ea847fc28e",
              "isHook": false,
              "skipped": false
            },
            {
              "title": "Add a single product to cart",
              "fullTitle": "Activity 3 Add a single product to cart",
              "timedOut": null,
              "duration": 1439,
              "state": "passed",
              "speed": "fast",
              "pass": true,
              "fail": false,
              "pending": false,
              "context": null,
              "code": "// Login with a valid user\ncy.get('#user-name').type('standard_user');\ncy.get('#password').type('secret_sauce');\ncy.get('#login-button').click(); // Add the saucelabs backpack to the cart\ncy.get('#add-to-cart-sauce-labs-backpack').click();",
              "err": {},
              "uuid": "a6e63e43-abad-4979-aea4-2a9451f6903a",
              "parentUUID": "3f99a0e4-e122-4d8d-a0db-13ea847fc28e",
              "isHook": false,
              "skipped": false
            },
            {
              "title": "Remove one item from cart",
              "fullTitle": "Activity 3 Remove one item from cart",
              "timedOut": null,
              "duration": 1519,
              "state": "passed",
              "speed": "fast",
              "pass": true,
              "fail": false,
              "pending": false,
              "context": null,
              "code": "// Login with a valid user\ncy.get('#user-name').type('standard_user');\ncy.get('#password').type('secret_sauce');\ncy.get('#login-button').click(); // Add the saucelabs backpack to the cart\ncy.get('#add-to-cart-sauce-labs-backpack').click(); // Navigate to cart and remove the saucelabs backpack from the cart\ncy.get('.shopping_cart_link').click();\ncy.get('#remove-sauce-labs-backpack').click();",
              "err": {},
              "uuid": "391efa33-faee-4e8c-827d-4eecb29d5303",
              "parentUUID": "3f99a0e4-e122-4d8d-a0db-13ea847fc28e",
              "isHook": false,
              "skipped": false
            }
          ],
          "suites": [],
          "passes": [
            "7302c1c8-889f-4e70-a4e6-5968a4c1c029",
            "a6e63e43-abad-4979-aea4-2a9451f6903a",
            "391efa33-faee-4e8c-827d-4eecb29d5303"
          ],
          "failures": [],
          "pending": [],
          "skipped": [],
          "duration": 4594,
          "root": false,
          "rootEmpty": false,
          "_timeout": 2000
        }
      ],
      "passes": [],
      "failures": [],
      "pending": [],
      "skipped": [],
      "duration": 0,
      "root": true,
      "rootEmpty": true,
      "_timeout": 2000
    }
  ],
  "meta": {
    "mocha": {
      "version": "7.0.1"
    },
    "mochawesome": {
      "options": {
        "quiet": false,
        "reportFilename": "mochawesome",
        "saveHtml": false,
        "saveJson": true,
        "consoleReporter": "spec",
        "useInlineDiffs": false,
        "code": true
      },
      "version": "7.1.3"
    },
    "marge": {
      "options": {
        "reportDir": "cypress/reports",
        "overwrite": false,
        "html": false,
        "json": true
      },
      "version": "6.2.0"
    }
  }
}