{
  "stats": {
    "suites": 1,
    "tests": 2,
    "passes": 2,
    "pending": 0,
    "failures": 0,
    "start": "2022-12-01T14:59:29.419Z",
    "end": "2022-12-01T14:59:32.544Z",
    "duration": 3125,
    "testsRegistered": 2,
    "passPercent": 100,
    "pendingPercent": 0,
    "other": 0,
    "hasOther": false,
    "skipped": 0,
    "hasSkipped": false
  },
  "results": [
    {
      "uuid": "77d65e4e-ae9d-4bb7-b2c5-03c55b26ad7c",
      "title": "",
      "fullFile": "cypress\\e2e\\test\\Checkout\\singleproduct.cy.js",
      "file": "cypress\\e2e\\test\\Checkout\\singleproduct.cy.js",
      "beforeHooks": [],
      "afterHooks": [],
      "tests": [],
      "suites": [
        {
          "uuid": "0a238ab7-d20c-46ef-ae04-f01dac125b82",
          "title": "Activity 3",
          "fullFile": "",
          "file": "",
          "beforeHooks": [],
          "afterHooks": [],
          "tests": [
            {
              "title": "Login with a valid user",
              "fullTitle": "Activity 3 Login with a valid user",
              "timedOut": null,
              "duration": 1556,
              "state": "passed",
              "speed": "fast",
              "pass": true,
              "fail": false,
              "pending": false,
              "context": null,
              "code": "// Enter username & password then click the login button\ncy.get('#user-name').type('standard_user');\ncy.get('#password').type('secret_sauce');\ncy.get('#login-button').click();",
              "err": {},
              "uuid": "a6761128-7097-4bcb-9708-662d854aa0e3",
              "parentUUID": "0a238ab7-d20c-46ef-ae04-f01dac125b82",
              "isHook": false,
              "skipped": false
            },
            {
              "title": "Add a single product to cart and check out",
              "fullTitle": "Activity 3 Add a single product to cart and check out",
              "timedOut": null,
              "duration": 1459,
              "state": "passed",
              "speed": "fast",
              "pass": true,
              "fail": false,
              "pending": false,
              "context": null,
              "code": "// Login with a valid user\ncy.get('#user-name').type('standard_user');\ncy.get('#password').type('secret_sauce');\ncy.get('#login-button').click(); // Add the saucelabs backpack to the cart\ncy.get('#add-to-cart-sauce-labs-backpack').click(); //continue to checkout item",
              "err": {},
              "uuid": "0390b346-77d2-47d5-8eb4-f4c738cff0c1",
              "parentUUID": "0a238ab7-d20c-46ef-ae04-f01dac125b82",
              "isHook": false,
              "skipped": false
            }
          ],
          "suites": [],
          "passes": [
            "a6761128-7097-4bcb-9708-662d854aa0e3",
            "0390b346-77d2-47d5-8eb4-f4c738cff0c1"
          ],
          "failures": [],
          "pending": [],
          "skipped": [],
          "duration": 3015,
          "root": false,
          "rootEmpty": false,
          "_timeout": 2000
        }
      ],
      "passes": [],
      "failures": [],
      "pending": [],
      "skipped": [],
      "duration": 0,
      "root": true,
      "rootEmpty": true,
      "_timeout": 2000
    }
  ],
  "meta": {
    "mocha": {
      "version": "7.0.1"
    },
    "mochawesome": {
      "options": {
        "quiet": false,
        "reportFilename": "mochawesome",
        "saveHtml": false,
        "saveJson": true,
        "consoleReporter": "spec",
        "useInlineDiffs": false,
        "code": true
      },
      "version": "7.1.3"
    },
    "marge": {
      "options": {
        "reportDir": "cypress/reports",
        "overwrite": false,
        "html": false,
        "json": true
      },
      "version": "6.2.0"
    }
  }
}