{
  "stats": {
    "suites": 1,
    "tests": 4,
    "passes": 4,
    "pending": 0,
    "failures": 0,
    "start": "2022-12-01T14:42:16.429Z",
    "end": "2022-12-01T14:42:24.606Z",
    "duration": 8177,
    "testsRegistered": 4,
    "passPercent": 100,
    "pendingPercent": 0,
    "other": 0,
    "hasOther": false,
    "skipped": 0,
    "hasSkipped": false
  },
  "results": [
    {
      "uuid": "f066091f-3ccb-41b9-bf68-bfd573abada5",
      "title": "",
      "fullFile": "cypress\\e2e\\test\\sort\\sort.cy.js",
      "file": "cypress\\e2e\\test\\sort\\sort.cy.js",
      "beforeHooks": [],
      "afterHooks": [],
      "tests": [],
      "suites": [
        {
          "uuid": "e4e2acf9-6a17-43f3-8ddd-d29621c74040",
          "title": "Sort",
          "fullFile": "",
          "file": "",
          "beforeHooks": [],
          "afterHooks": [],
          "tests": [
            {
              "title": "should sort product list from A-Z",
              "fullTitle": "Sort should sort product list from A-Z",
              "timedOut": null,
              "duration": 2310,
              "state": "passed",
              "speed": "fast",
              "pass": true,
              "fail": false,
              "pending": false,
              "context": null,
              "code": "_auth.default.login('standard_user', 'secret_sauce');\ncy.get('.product_sort_container').select('az');\nvar productList = ['Sauce Labs Backpack', 'Sauce Labs Bike Light', 'Sauce Labs Bolt T-Shirt', 'Sauce Labs Fleece Jacket', 'Sauce Labs Onesie', 'Test.allTheThings() T-Shirt (Red)'];\nproductList.sort();\ncy.get('.inventory_item_name').each(($elem, index) => {\n  expect($elem.text()).equal(productList[index]);\n});",
              "err": {},
              "uuid": "81c53e25-ae7e-4cf3-ad1d-5d075f9ceb8e",
              "parentUUID": "e4e2acf9-6a17-43f3-8ddd-d29621c74040",
              "isHook": false,
              "skipped": false
            },
            {
              "title": "should sort product list from Z-A",
              "fullTitle": "Sort should sort product list from Z-A",
              "timedOut": null,
              "duration": 1551,
              "state": "passed",
              "speed": "fast",
              "pass": true,
              "fail": false,
              "pending": false,
              "context": null,
              "code": "_auth.default.login('standard_user', 'secret_sauce');\ncy.get('.product_sort_container').select('za');\nvar productList = ['Sauce Labs Backpack', 'Sauce Labs Bike Light', 'Sauce Labs Bolt T-Shirt', 'Sauce Labs Fleece Jacket', 'Sauce Labs Onesie', 'Test.allTheThings() T-Shirt (Red)'];\nproductList.sort().reverse();\ncy.get('.inventory_item_name').each(($elem, index) => {\n  expect($elem.text()).equal(productList[index]);\n});",
              "err": {},
              "uuid": "ea8e8f0a-dced-4104-b65c-46e4ed3e72ca",
              "parentUUID": "e4e2acf9-6a17-43f3-8ddd-d29621c74040",
              "isHook": false,
              "skipped": false
            },
            {
              "title": "should sort product list from low to high",
              "fullTitle": "Sort should sort product list from low to high",
              "timedOut": null,
              "duration": 2059,
              "state": "passed",
              "speed": "fast",
              "pass": true,
              "fail": false,
              "pending": false,
              "context": null,
              "code": "_auth.default.login('standard_user', 'secret_sauce');\n_product.default.selectSort(_products.default.sort['Low to High']); // Sort data list based on price, from low to high\n\n_products.default.products.sort((a, b) => a.price - b.price);\ncy.get(_product.default.itemsPrice).each(($elem, index) => {\n  expect($elem.text()).equal(`$${_products.default.products[index].price}`);\n});",
              "err": {},
              "uuid": "f8baa75e-9bd8-4ada-a26c-65a55cb4f67e",
              "parentUUID": "e4e2acf9-6a17-43f3-8ddd-d29621c74040",
              "isHook": false,
              "skipped": false
            },
            {
              "title": "should sort product list from high to low",
              "fullTitle": "Sort should sort product list from high to low",
              "timedOut": null,
              "duration": 1964,
              "state": "passed",
              "speed": "fast",
              "pass": true,
              "fail": false,
              "pending": false,
              "context": null,
              "code": "_auth.default.login('standard_user', 'secret_sauce');\n_product.default.selectSort(_products.default.sort['High to Low']); // Sort data list based on price, from high to low\n\n_products.default.products.sort((a, b) => b.price - a.price); // Print the prices from the sorted list\n// ProductData.products.forEach(($elem, index)=>{\n//     cy.log($elem.price)\n// })\n\ncy.get(_product.default.itemsPrice).each(($elem, index) => {\n  expect($elem.text()).equal(`$${_products.default.products[index].price}`);\n});",
              "err": {},
              "uuid": "88620c9b-f818-41f3-96ac-296264edaf61",
              "parentUUID": "e4e2acf9-6a17-43f3-8ddd-d29621c74040",
              "isHook": false,
              "skipped": false
            }
          ],
          "suites": [],
          "passes": [
            "81c53e25-ae7e-4cf3-ad1d-5d075f9ceb8e",
            "ea8e8f0a-dced-4104-b65c-46e4ed3e72ca",
            "f8baa75e-9bd8-4ada-a26c-65a55cb4f67e",
            "88620c9b-f818-41f3-96ac-296264edaf61"
          ],
          "failures": [],
          "pending": [],
          "skipped": [],
          "duration": 7884,
          "root": false,
          "rootEmpty": false,
          "_timeout": 2000
        }
      ],
      "passes": [],
      "failures": [],
      "pending": [],
      "skipped": [],
      "duration": 0,
      "root": true,
      "rootEmpty": true,
      "_timeout": 2000
    }
  ],
  "meta": {
    "mocha": {
      "version": "7.0.1"
    },
    "mochawesome": {
      "options": {
        "quiet": false,
        "reportFilename": "mochawesome",
        "saveHtml": false,
        "saveJson": true,
        "consoleReporter": "spec",
        "useInlineDiffs": false,
        "code": true
      },
      "version": "7.1.3"
    },
    "marge": {
      "options": {
        "reportDir": "cypress/reports",
        "overwrite": false,
        "html": false,
        "json": true
      },
      "version": "6.2.0"
    }
  }
}