{
  "stats": {
    "suites": 1,
    "tests": 4,
    "passes": 4,
    "pending": 0,
    "failures": 0,
    "start": "2022-12-01T14:49:26.336Z",
    "end": "2022-12-01T14:49:33.017Z",
    "duration": 6681,
    "testsRegistered": 4,
    "passPercent": 100,
    "pendingPercent": 0,
    "other": 0,
    "hasOther": false,
    "skipped": 0,
    "hasSkipped": false
  },
  "results": [
    {
      "uuid": "e4bc507f-afd4-4ea9-a602-ecf733cc94f9",
      "title": "",
      "fullFile": "cypress\\e2e\\test\\sort\\sort.cy.js",
      "file": "cypress\\e2e\\test\\sort\\sort.cy.js",
      "beforeHooks": [],
      "afterHooks": [],
      "tests": [],
      "suites": [
        {
          "uuid": "dc501d9d-67f8-49f9-849f-810b9c323c21",
          "title": "Sort",
          "fullFile": "",
          "file": "",
          "beforeHooks": [],
          "afterHooks": [],
          "tests": [
            {
              "title": "should sort product list from A-Z",
              "fullTitle": "Sort should sort product list from A-Z",
              "timedOut": null,
              "duration": 1943,
              "state": "passed",
              "speed": "fast",
              "pass": true,
              "fail": false,
              "pending": false,
              "context": null,
              "code": "_auth.default.login('standard_user', 'secret_sauce');\ncy.get('.product_sort_container').select('az');\nvar productList = ['Sauce Labs Backpack', 'Sauce Labs Bike Light', 'Sauce Labs Bolt T-Shirt', 'Sauce Labs Fleece Jacket', 'Sauce Labs Onesie', 'Test.allTheThings() T-Shirt (Red)'];\nproductList.sort();\ncy.get('.inventory_item_name').each(($elem, index) => {\n  expect($elem.text()).equal(productList[index]);\n});",
              "err": {},
              "uuid": "47e7d3de-9860-46e7-9a1c-8ba81ba04160",
              "parentUUID": "dc501d9d-67f8-49f9-849f-810b9c323c21",
              "isHook": false,
              "skipped": false
            },
            {
              "title": "should sort product list from Z-A",
              "fullTitle": "Sort should sort product list from Z-A",
              "timedOut": null,
              "duration": 1446,
              "state": "passed",
              "speed": "fast",
              "pass": true,
              "fail": false,
              "pending": false,
              "context": null,
              "code": "_auth.default.login('standard_user', 'secret_sauce');\ncy.get('.product_sort_container').select('za');\nvar productList = ['Sauce Labs Backpack', 'Sauce Labs Bike Light', 'Sauce Labs Bolt T-Shirt', 'Sauce Labs Fleece Jacket', 'Sauce Labs Onesie', 'Test.allTheThings() T-Shirt (Red)'];\nproductList.sort().reverse();\ncy.get('.inventory_item_name').each(($elem, index) => {\n  expect($elem.text()).equal(productList[index]);\n});",
              "err": {},
              "uuid": "ef815c7d-2f50-47ef-82b1-1bb4fdacb04e",
              "parentUUID": "dc501d9d-67f8-49f9-849f-810b9c323c21",
              "isHook": false,
              "skipped": false
            },
            {
              "title": "should sort product list from low to high",
              "fullTitle": "Sort should sort product list from low to high",
              "timedOut": null,
              "duration": 1592,
              "state": "passed",
              "speed": "fast",
              "pass": true,
              "fail": false,
              "pending": false,
              "context": null,
              "code": "_auth.default.login('standard_user', 'secret_sauce');\n_product.default.selectSort(_products.default.sort['Low to High']); // Sort data list based on price, from low to high\n\n_products.default.products.sort((a, b) => a.price - b.price);\ncy.get(_product.default.itemsPrice).each(($elem, index) => {\n  expect($elem.text()).equal(`$${_products.default.products[index].price}`);\n});",
              "err": {},
              "uuid": "bbf1425f-12e4-4453-afae-4a95e887e28e",
              "parentUUID": "dc501d9d-67f8-49f9-849f-810b9c323c21",
              "isHook": false,
              "skipped": false
            },
            {
              "title": "should sort product list from high to low",
              "fullTitle": "Sort should sort product list from high to low",
              "timedOut": null,
              "duration": 1521,
              "state": "passed",
              "speed": "fast",
              "pass": true,
              "fail": false,
              "pending": false,
              "context": null,
              "code": "_auth.default.login('standard_user', 'secret_sauce');\n_product.default.selectSort(_products.default.sort['High to Low']); // Sort data list based on price, from high to low\n\n_products.default.products.sort((a, b) => b.price - a.price); // Print the prices from the sorted list\n// ProductData.products.forEach(($elem, index)=>{\n//     cy.log($elem.price)\n// })\n\ncy.get(_product.default.itemsPrice).each(($elem, index) => {\n  expect($elem.text()).equal(`$${_products.default.products[index].price}`);\n});",
              "err": {},
              "uuid": "f003ed2e-a24f-4625-a1b5-382e04720b97",
              "parentUUID": "dc501d9d-67f8-49f9-849f-810b9c323c21",
              "isHook": false,
              "skipped": false
            }
          ],
          "suites": [],
          "passes": [
            "47e7d3de-9860-46e7-9a1c-8ba81ba04160",
            "ef815c7d-2f50-47ef-82b1-1bb4fdacb04e",
            "bbf1425f-12e4-4453-afae-4a95e887e28e",
            "f003ed2e-a24f-4625-a1b5-382e04720b97"
          ],
          "failures": [],
          "pending": [],
          "skipped": [],
          "duration": 6502,
          "root": false,
          "rootEmpty": false,
          "_timeout": 2000
        }
      ],
      "passes": [],
      "failures": [],
      "pending": [],
      "skipped": [],
      "duration": 0,
      "root": true,
      "rootEmpty": true,
      "_timeout": 2000
    }
  ],
  "meta": {
    "mocha": {
      "version": "7.0.1"
    },
    "mochawesome": {
      "options": {
        "quiet": false,
        "reportFilename": "mochawesome",
        "saveHtml": false,
        "saveJson": true,
        "consoleReporter": "spec",
        "useInlineDiffs": false,
        "code": true
      },
      "version": "7.1.3"
    },
    "marge": {
      "options": {
        "reportDir": "cypress/reports",
        "overwrite": false,
        "html": false,
        "json": true
      },
      "version": "6.2.0"
    }
  }
}