{
  "stats": {
    "suites": 1,
    "tests": 2,
    "passes": 2,
    "pending": 0,
    "failures": 0,
    "start": "2022-12-03T01:04:11.557Z",
    "end": "2022-12-03T01:04:13.430Z",
    "duration": 1873,
    "testsRegistered": 2,
    "passPercent": 100,
    "pendingPercent": 0,
    "other": 0,
    "hasOther": false,
    "skipped": 0,
    "hasSkipped": false
  },
  "results": [
    {
      "uuid": "c2c699a8-f33b-4e99-91ec-95c197e4242d",
      "title": "",
      "fullFile": "cypress\\e2e\\test\\Negative\\negativeTest.cy.js",
      "file": "cypress\\e2e\\test\\Negative\\negativeTest.cy.js",
      "beforeHooks": [],
      "afterHooks": [],
      "tests": [],
      "suites": [
        {
          "uuid": "9542f0a2-5759-4192-b56d-04e8407a6e26",
          "title": "Authentication Error",
          "fullFile": "",
          "file": "",
          "beforeHooks": [],
          "afterHooks": [],
          "tests": [
            {
              "title": "Locked out user cannot login",
              "fullTitle": "Authentication Error Locked out user cannot login",
              "timedOut": null,
              "duration": 981,
              "state": "passed",
              "speed": "fast",
              "pass": true,
              "fail": false,
              "pending": false,
              "context": null,
              "code": "_auth.default.login('locked_out_user', 'secret_sauce');\ncy.get('.error-message-container.error').should('be.visible');\ncy.TestCommand();",
              "err": {},
              "uuid": "98f229d2-04de-4fd3-914c-763f52fe00d5",
              "parentUUID": "9542f0a2-5759-4192-b56d-04e8407a6e26",
              "isHook": false,
              "skipped": false
            },
            {
              "title": "Valid user should not login with invalid passsword",
              "fullTitle": "Authentication Error Valid user should not login with invalid passsword",
              "timedOut": null,
              "duration": 861,
              "state": "passed",
              "speed": "fast",
              "pass": true,
              "fail": false,
              "pending": false,
              "context": null,
              "code": "_auth.default.login('standard_user', 'wrongpassword');\ncy.get('.error-message-container.error').should('be.visible');\ncy.TestCommand();",
              "err": {},
              "uuid": "6131d619-3623-4854-995a-d73333f49a68",
              "parentUUID": "9542f0a2-5759-4192-b56d-04e8407a6e26",
              "isHook": false,
              "skipped": false
            }
          ],
          "suites": [],
          "passes": [
            "98f229d2-04de-4fd3-914c-763f52fe00d5",
            "6131d619-3623-4854-995a-d73333f49a68"
          ],
          "failures": [],
          "pending": [],
          "skipped": [],
          "duration": 1842,
          "root": false,
          "rootEmpty": false,
          "_timeout": 2000
        }
      ],
      "passes": [],
      "failures": [],
      "pending": [],
      "skipped": [],
      "duration": 0,
      "root": true,
      "rootEmpty": true,
      "_timeout": 2000
    }
  ],
  "meta": {
    "mocha": {
      "version": "7.0.1"
    },
    "mochawesome": {
      "options": {
        "quiet": false,
        "reportFilename": "mochawesome",
        "saveHtml": false,
        "saveJson": true,
        "consoleReporter": "spec",
        "useInlineDiffs": false,
        "code": true
      },
      "version": "7.1.3"
    },
    "marge": {
      "options": {
        "reportDir": "cypress/reports",
        "overwrite": false,
        "html": false,
        "json": true
      },
      "version": "6.2.0"
    }
  }
}