{
  "stats": {
    "suites": 1,
    "tests": 1,
    "passes": 1,
    "pending": 0,
    "failures": 0,
    "start": "2022-11-29T15:25:07.123Z",
    "end": "2022-11-29T15:25:10.274Z",
    "duration": 3151,
    "testsRegistered": 1,
    "passPercent": 100,
    "pendingPercent": 0,
    "other": 0,
    "hasOther": false,
    "skipped": 0,
    "hasSkipped": false
  },
  "results": [
    {
      "uuid": "09d799d8-decc-4c7a-a089-fc4e93e05ba3",
      "title": "",
      "fullFile": "cypress\\e2e\\3-activity\\activity3.cy.js",
      "file": "cypress\\e2e\\3-activity\\activity3.cy.js",
      "beforeHooks": [],
      "afterHooks": [],
      "tests": [],
      "suites": [
        {
          "uuid": "2bc5921e-77a6-463a-8a83-7cc65eab2370",
          "title": "Activity 3",
          "fullFile": "",
          "file": "",
          "beforeHooks": [],
          "afterHooks": [],
          "tests": [
            {
              "title": "should login to application with valid user",
              "fullTitle": "Activity 3 should login to application with valid user",
              "timedOut": null,
              "duration": 3079,
              "state": "passed",
              "speed": "fast",
              "pass": true,
              "fail": false,
              "pending": false,
              "context": null,
              "code": "//assertions for login\ncy.get('.input_error').should('be.visible');\ncy.get('#user-name').should('be.visible');\ncy.get('#password.input_error').should('be.visible');\ncy.get('#password').should('be.visible');\ncy.get('#login-button').should('be.visible'); //Enter unsername & password then click the login button\ncy.get('#user-name').type('standard_user');\ncy.get('#password').type('secret_sauce');\ncy.get('#login-button').click(); //assertion after login\ncy.get('.inventory_item_name').should('be.visible'); //cy.get('#logout_sidebar_link').should('be.visible')",
              "err": {},
              "uuid": "df325833-5aa5-4b72-93b6-3ab0c9a6e4fc",
              "parentUUID": "2bc5921e-77a6-463a-8a83-7cc65eab2370",
              "isHook": false,
              "skipped": false
            }
          ],
          "suites": [],
          "passes": [
            "df325833-5aa5-4b72-93b6-3ab0c9a6e4fc"
          ],
          "failures": [],
          "pending": [],
          "skipped": [],
          "duration": 3079,
          "root": false,
          "rootEmpty": false,
          "_timeout": 2000
        }
      ],
      "passes": [],
      "failures": [],
      "pending": [],
      "skipped": [],
      "duration": 0,
      "root": true,
      "rootEmpty": true,
      "_timeout": 2000
    }
  ],
  "meta": {
    "mocha": {
      "version": "7.0.1"
    },
    "mochawesome": {
      "options": {
        "quiet": false,
        "reportFilename": "mochawesome",
        "saveHtml": false,
        "saveJson": true,
        "consoleReporter": "spec",
        "useInlineDiffs": false,
        "code": true
      },
      "version": "7.1.3"
    },
    "marge": {
      "options": {
        "reportDir": "cypress/reports",
        "overwrite": false,
        "html": false,
        "json": true
      },
      "version": "6.2.0"
    }
  }
}