{
  "stats": {
    "suites": 1,
    "tests": 2,
    "passes": 0,
    "pending": 0,
    "failures": 2,
    "start": "2022-12-01T03:23:34.314Z",
    "end": "2022-12-01T03:23:44.930Z",
    "duration": 10616,
    "testsRegistered": 2,
    "passPercent": 0,
    "pendingPercent": 0,
    "other": 0,
    "hasOther": false,
    "skipped": 0,
    "hasSkipped": false
  },
  "results": [
    {
      "uuid": "7d00ef82-cb13-435b-9ef8-5d917c26c77c",
      "title": "",
      "fullFile": "cypress\\e2e\\test\\Checkout\\cart.cy.js",
      "file": "cypress\\e2e\\test\\Checkout\\cart.cy.js",
      "beforeHooks": [],
      "afterHooks": [],
      "tests": [],
      "suites": [
        {
          "uuid": "e1824420-b90b-412a-8a16-7decb7381ece",
          "title": "Activity 6",
          "fullFile": "",
          "file": "",
          "beforeHooks": [],
          "afterHooks": [],
          "tests": [
            {
              "title": "Add a single product to cart",
              "fullTitle": "Activity 6 Add a single product to cart",
              "timedOut": null,
              "duration": 5253,
              "state": "failed",
              "speed": null,
              "pass": false,
              "fail": true,
              "pending": false,
              "context": null,
              "code": "_auth.default.login('standard_user', 'secret_sauce');\n_cart.default.addToCart('Sauce Labs Backpack');\n_cart.default.navigateToCart();\ncy.get(_cart.default.cartNotification).should('have.text', 1);\ncy.get(_cart.default.cartQuantity).should('have.text', 1);\ncy.get(_cart.default.removeSauceLabBackPackBtn).should('be.visible');\ncy.get(_cart.default.cartItemsName).should('have.text', 'Sauce Labs Backpack');",
              "err": {
                "message": "AssertionError: Timed out retrying after 4000ms: Expected to find element: `.shopping_cart_badge`, but never found it.",
                "estack": "AssertionError: Timed out retrying after 4000ms: Expected to find element: `.shopping_cart_badge`, but never found it.\n    at Context.eval (webpack:///./cypress/e2e/test/Checkout/cart.cy.js:16:38)",
                "diff": null
              },
              "uuid": "7b805b82-1fb0-4b18-97b1-f1d4b5bd4f82",
              "parentUUID": "e1824420-b90b-412a-8a16-7decb7381ece",
              "isHook": false,
              "skipped": false
            },
            {
              "title": "Remove one item from cart",
              "fullTitle": "Activity 6 Remove one item from cart",
              "timedOut": null,
              "duration": 5281,
              "state": "failed",
              "speed": null,
              "pass": false,
              "fail": true,
              "pending": false,
              "context": null,
              "code": "_auth.default.login('standard_user', 'secret_sauce');\n_cart.default.addToCart('Sauce Labs Backpack');\n_cart.default.navigateToCart(); // Assert that there is 1 item in the cart then remove the item\n\ncy.get(_cart.default.cartQuantity).should('have.text', 1);\ncy.get(_cart.default.cartItemsName).should('have.text', 'Sauce Labs Backpack');\ncy.get(_cart.default.removeSauceLabBackPackBtn).click(); // Assert that the item was removed and the cart is empty\ncy.get(_cart.default.cartItemsName).should('not.exist');\ncy.get(_cart.default.removedCartItem).should('exist');",
              "err": {
                "message": "AssertionError: Timed out retrying after 4000ms: Expected to find element: `.cart_quantity`, but never found it.",
                "estack": "AssertionError: Timed out retrying after 4000ms: Expected to find element: `.cart_quantity`, but never found it.\n    at Context.eval (webpack:///./cypress/e2e/test/Checkout/cart.cy.js:29:34)",
                "diff": null
              },
              "uuid": "b4fcfac5-db45-423d-b8b6-3aeb141f2d53",
              "parentUUID": "e1824420-b90b-412a-8a16-7decb7381ece",
              "isHook": false,
              "skipped": false
            }
          ],
          "suites": [],
          "passes": [],
          "failures": [
            "7b805b82-1fb0-4b18-97b1-f1d4b5bd4f82",
            "b4fcfac5-db45-423d-b8b6-3aeb141f2d53"
          ],
          "pending": [],
          "skipped": [],
          "duration": 10534,
          "root": false,
          "rootEmpty": false,
          "_timeout": 2000
        }
      ],
      "passes": [],
      "failures": [],
      "pending": [],
      "skipped": [],
      "duration": 0,
      "root": true,
      "rootEmpty": true,
      "_timeout": 2000
    }
  ],
  "meta": {
    "mocha": {
      "version": "7.0.1"
    },
    "mochawesome": {
      "options": {
        "quiet": false,
        "reportFilename": "mochawesome",
        "saveHtml": false,
        "saveJson": true,
        "consoleReporter": "spec",
        "useInlineDiffs": false,
        "code": true
      },
      "version": "7.1.3"
    },
    "marge": {
      "options": {
        "reportDir": "cypress/reports",
        "overwrite": false,
        "html": false,
        "json": true
      },
      "version": "6.2.0"
    }
  }
}