{
  "stats": {
    "suites": 1,
    "tests": 1,
    "passes": 1,
    "pending": 0,
    "failures": 0,
    "start": "2022-11-26T19:42:58.894Z",
    "end": "2022-11-26T19:43:01.591Z",
    "duration": 2697,
    "testsRegistered": 1,
    "passPercent": 100,
    "pendingPercent": 0,
    "other": 0,
    "hasOther": false,
    "skipped": 0,
    "hasSkipped": false
  },
  "results": [
    {
      "uuid": "6880e1b2-8738-4401-ba4c-861dfa0249b6",
      "title": "",
      "fullFile": "cypress\\e2e\\3-activity\\activity3.cy.js",
      "file": "cypress\\e2e\\3-activity\\activity3.cy.js",
      "beforeHooks": [],
      "afterHooks": [],
      "tests": [],
      "suites": [
        {
          "uuid": "b3a1f2a4-2039-435d-a9a1-d4615ff6dfe0",
          "title": "Activity 3",
          "fullFile": "",
          "file": "",
          "beforeHooks": [],
          "afterHooks": [],
          "tests": [
            {
              "title": "should login to application with valid user",
              "fullTitle": "Activity 3 should login to application with valid user",
              "timedOut": null,
              "duration": 2534,
              "state": "passed",
              "speed": "fast",
              "pass": true,
              "fail": false,
              "pending": false,
              "context": null,
              "code": "//assertions for login\ncy.get('.input_error').should('be.visible');\ncy.get('#user-name').should('be.visible');\ncy.get('#password.input_error').should('be.visible');\ncy.get('#password').should('be.visible');\ncy.get('#login-button').should('be.visible'); //Enter unsername & password then click the login button\ncy.get('#user-name').type('standard_user');\ncy.get('#password').type('secret_sauce');\ncy.get('#login-button').click(); //assertion after login\ncy.get('.inventory_item_name').should('be.visible'); //cy.get('#logout_sidebar_link').should('be.visible')",
              "err": {},
              "uuid": "5f009fe4-7242-4f58-b624-d3fa4704d5a9",
              "parentUUID": "b3a1f2a4-2039-435d-a9a1-d4615ff6dfe0",
              "isHook": false,
              "skipped": false
            }
          ],
          "suites": [],
          "passes": [
            "5f009fe4-7242-4f58-b624-d3fa4704d5a9"
          ],
          "failures": [],
          "pending": [],
          "skipped": [],
          "duration": 2534,
          "root": false,
          "rootEmpty": false,
          "_timeout": 2000
        }
      ],
      "passes": [],
      "failures": [],
      "pending": [],
      "skipped": [],
      "duration": 0,
      "root": true,
      "rootEmpty": true,
      "_timeout": 2000
    }
  ],
  "meta": {
    "mocha": {
      "version": "7.0.1"
    },
    "mochawesome": {
      "options": {
        "quiet": false,
        "reportFilename": "mochawesome",
        "saveHtml": false,
        "saveJson": true,
        "consoleReporter": "spec",
        "useInlineDiffs": false,
        "code": true
      },
      "version": "7.1.3"
    },
    "marge": {
      "options": {
        "reportDir": "cypress/reports",
        "overwrite": false,
        "html": false,
        "json": true
      },
      "version": "6.2.0"
    }
  }
}