{
  "stats": {
    "suites": 1,
    "tests": 1,
    "passes": 1,
    "pending": 0,
    "failures": 0,
    "start": "2022-12-03T01:04:36.601Z",
    "end": "2022-12-03T01:04:37.735Z",
    "duration": 1134,
    "testsRegistered": 1,
    "passPercent": 100,
    "pendingPercent": 0,
    "other": 0,
    "hasOther": false,
    "skipped": 0,
    "hasSkipped": false
  },
  "results": [
    {
      "uuid": "7517e4a5-ac92-4926-a81e-6533150cd23b",
      "title": "",
      "fullFile": "cypress\\e2e\\test\\PageObjects\\login.cy.js",
      "file": "cypress\\e2e\\test\\PageObjects\\login.cy.js",
      "beforeHooks": [],
      "afterHooks": [],
      "tests": [],
      "suites": [
        {
          "uuid": "bc98bf9c-9122-457e-b67c-717bd58ceb3e",
          "title": "Authentication",
          "fullFile": "",
          "file": "",
          "beforeHooks": [],
          "afterHooks": [],
          "tests": [
            {
              "title": "Login with a valid user",
              "fullTitle": "Authentication Login with a valid user",
              "timedOut": null,
              "duration": 1082,
              "state": "passed",
              "speed": "fast",
              "pass": true,
              "fail": false,
              "pending": false,
              "context": null,
              "code": "_auth.default.login('standard_user', 'secret_sauce');\ncy.get(_auth.default.itemNames).should('be.visible');\ncy.TestCommand();\ncy.url().should('contain', _routes.default.product);",
              "err": {},
              "uuid": "de7fbf5c-ccb6-49b6-86ac-5fc4299fcfc8",
              "parentUUID": "bc98bf9c-9122-457e-b67c-717bd58ceb3e",
              "isHook": false,
              "skipped": false
            }
          ],
          "suites": [],
          "passes": [
            "de7fbf5c-ccb6-49b6-86ac-5fc4299fcfc8"
          ],
          "failures": [],
          "pending": [],
          "skipped": [],
          "duration": 1082,
          "root": false,
          "rootEmpty": false,
          "_timeout": 2000
        }
      ],
      "passes": [],
      "failures": [],
      "pending": [],
      "skipped": [],
      "duration": 0,
      "root": true,
      "rootEmpty": true,
      "_timeout": 2000
    }
  ],
  "meta": {
    "mocha": {
      "version": "7.0.1"
    },
    "mochawesome": {
      "options": {
        "quiet": false,
        "reportFilename": "mochawesome",
        "saveHtml": false,
        "saveJson": true,
        "consoleReporter": "spec",
        "useInlineDiffs": false,
        "code": true
      },
      "version": "7.1.3"
    },
    "marge": {
      "options": {
        "reportDir": "cypress/reports",
        "overwrite": false,
        "html": false,
        "json": true
      },
      "version": "6.2.0"
    }
  }
}