{
  "stats": {
    "suites": 1,
    "tests": 4,
    "passes": 4,
    "pending": 0,
    "failures": 0,
    "start": "2022-12-03T01:04:41.640Z",
    "end": "2022-12-03T01:04:47.024Z",
    "duration": 5384,
    "testsRegistered": 4,
    "passPercent": 100,
    "pendingPercent": 0,
    "other": 0,
    "hasOther": false,
    "skipped": 0,
    "hasSkipped": false
  },
  "results": [
    {
      "uuid": "36c2bb96-f453-45ee-a1ab-d76feac774e4",
      "title": "",
      "fullFile": "cypress\\e2e\\test\\Sort\\sortTest.cy.js",
      "file": "cypress\\e2e\\test\\Sort\\sortTest.cy.js",
      "beforeHooks": [],
      "afterHooks": [],
      "tests": [],
      "suites": [
        {
          "uuid": "db831a9d-8d57-423e-b08f-f243952fee32",
          "title": "Sort",
          "fullFile": "",
          "file": "",
          "beforeHooks": [],
          "afterHooks": [],
          "tests": [
            {
              "title": "should sort product list from A-Z",
              "fullTitle": "Sort should sort product list from A-Z",
              "timedOut": null,
              "duration": 1474,
              "state": "passed",
              "speed": "fast",
              "pass": true,
              "fail": false,
              "pending": false,
              "context": null,
              "code": "_auth.default.login('standard_user', 'secret_sauce');\n_product.default.selectSort(_products.default.sort['A to Z']); // Sort data list based on name, from A to Z\n\n_products.default.products.sort();\ncy.get(_product.default.itemsName).each(($elem, index) => {\n  expect($elem.text()).equal(_products.default.products[index].name);\n  cy.get('#item_4_title_link').should('be.visible');\n});",
              "err": {},
              "uuid": "145291d4-baa6-469b-a605-5b863c594512",
              "parentUUID": "db831a9d-8d57-423e-b08f-f243952fee32",
              "isHook": false,
              "skipped": false
            },
            {
              "title": "should sort product list from Z-A",
              "fullTitle": "Sort should sort product list from Z-A",
              "timedOut": null,
              "duration": 1287,
              "state": "passed",
              "speed": "fast",
              "pass": true,
              "fail": false,
              "pending": false,
              "context": null,
              "code": "_auth.default.login('standard_user', 'secret_sauce');\n_product.default.selectSort(_products.default.sort['Z to A']); // Sort data list based on name, from Z to A\n\n_products.default.products.sort().reverse();\ncy.get(_product.default.itemsName).each(($elem, index) => {\n  expect($elem.text()).equal(_products.default.products[index].name);\n  cy.get('#item_3_title_link').should('be.visible');\n});",
              "err": {},
              "uuid": "0029f54d-a21a-4cae-b1c0-cc2e2fdfb85b",
              "parentUUID": "db831a9d-8d57-423e-b08f-f243952fee32",
              "isHook": false,
              "skipped": false
            },
            {
              "title": "should sort product list from low to high",
              "fullTitle": "Sort should sort product list from low to high",
              "timedOut": null,
              "duration": 1298,
              "state": "passed",
              "speed": "fast",
              "pass": true,
              "fail": false,
              "pending": false,
              "context": null,
              "code": "_auth.default.login('standard_user', 'secret_sauce');\n_product.default.selectSort(_products.default.sort['Low to High']); // Sort data list based on price, from low to high\n\n_products.default.products.sort((a, b) => a.price - b.price);\ncy.get(_product.default.itemsPrice).each(($elem, index) => {\n  expect($elem.text()).equal(`$${_products.default.products[index].price}`);\n  cy.get('#item_2_title_link').should('be.visible');\n});",
              "err": {},
              "uuid": "e9970772-cf8d-4ce1-9555-5e1d62800f56",
              "parentUUID": "db831a9d-8d57-423e-b08f-f243952fee32",
              "isHook": false,
              "skipped": false
            },
            {
              "title": "should sort product list from high to low",
              "fullTitle": "Sort should sort product list from high to low",
              "timedOut": null,
              "duration": 1210,
              "state": "passed",
              "speed": "fast",
              "pass": true,
              "fail": false,
              "pending": false,
              "context": null,
              "code": "_auth.default.login('standard_user', 'secret_sauce');\n_product.default.selectSort(_products.default.sort['High to Low']); // Sort data list based on price, from high to low\n\n_products.default.products.sort((a, b) => b.price - a.price);\ncy.get(_product.default.itemsPrice).each(($elem, index) => {\n  expect($elem.text()).equal(`$${_products.default.products[index].price}`);\n  cy.get('#item_5_title_link').should('be.visible');\n});",
              "err": {},
              "uuid": "36144552-fef7-449b-84ad-761818e03e1f",
              "parentUUID": "db831a9d-8d57-423e-b08f-f243952fee32",
              "isHook": false,
              "skipped": false
            }
          ],
          "suites": [],
          "passes": [
            "145291d4-baa6-469b-a605-5b863c594512",
            "0029f54d-a21a-4cae-b1c0-cc2e2fdfb85b",
            "e9970772-cf8d-4ce1-9555-5e1d62800f56",
            "36144552-fef7-449b-84ad-761818e03e1f"
          ],
          "failures": [],
          "pending": [],
          "skipped": [],
          "duration": 5269,
          "root": false,
          "rootEmpty": false,
          "_timeout": 2000
        }
      ],
      "passes": [],
      "failures": [],
      "pending": [],
      "skipped": [],
      "duration": 0,
      "root": true,
      "rootEmpty": true,
      "_timeout": 2000
    }
  ],
  "meta": {
    "mocha": {
      "version": "7.0.1"
    },
    "mochawesome": {
      "options": {
        "quiet": false,
        "reportFilename": "mochawesome",
        "saveHtml": false,
        "saveJson": true,
        "consoleReporter": "spec",
        "useInlineDiffs": false,
        "code": true
      },
      "version": "7.1.3"
    },
    "marge": {
      "options": {
        "reportDir": "cypress/reports",
        "overwrite": false,
        "html": false,
        "json": true
      },
      "version": "6.2.0"
    }
  }
}