{
  "stats": {
    "suites": 1,
    "tests": 3,
    "passes": 3,
    "pending": 0,
    "failures": 0,
    "start": "2022-12-03T01:03:58.587Z",
    "end": "2022-12-03T01:04:01.867Z",
    "duration": 3280,
    "testsRegistered": 3,
    "passPercent": 100,
    "pendingPercent": 0,
    "other": 0,
    "hasOther": false,
    "skipped": 0,
    "hasSkipped": false
  },
  "results": [
    {
      "uuid": "f723a6c1-012a-4d62-9d84-2eb590646e04",
      "title": "",
      "fullFile": "cypress\\e2e\\test\\InClassActivities\\activity3.cy.js",
      "file": "cypress\\e2e\\test\\InClassActivities\\activity3.cy.js",
      "beforeHooks": [],
      "afterHooks": [],
      "tests": [],
      "suites": [
        {
          "uuid": "0af0cf3a-4418-49c9-9cb7-4418ceb23e95",
          "title": "Activity 3",
          "fullFile": "",
          "file": "",
          "beforeHooks": [],
          "afterHooks": [],
          "tests": [
            {
              "title": "Login with a valid user",
              "fullTitle": "Activity 3 Login with a valid user",
              "timedOut": null,
              "duration": 960,
              "state": "passed",
              "speed": "fast",
              "pass": true,
              "fail": false,
              "pending": false,
              "context": null,
              "code": "// Enter username & password then click the login button\ncy.get('#user-name').type('standard_user');\ncy.get('#password').type('secret_sauce');\ncy.get('#login-button').click();",
              "err": {},
              "uuid": "86071cd2-3001-4b47-bf6f-551c1067bbfb",
              "parentUUID": "0af0cf3a-4418-49c9-9cb7-4418ceb23e95",
              "isHook": false,
              "skipped": false
            },
            {
              "title": "Add a single product to cart",
              "fullTitle": "Activity 3 Add a single product to cart",
              "timedOut": null,
              "duration": 1002,
              "state": "passed",
              "speed": "fast",
              "pass": true,
              "fail": false,
              "pending": false,
              "context": null,
              "code": "// Login with a valid user\ncy.get('#user-name').type('standard_user');\ncy.get('#password').type('secret_sauce');\ncy.get('#login-button').click(); // Add the saucelabs backpack to the cart\ncy.get('#add-to-cart-sauce-labs-backpack').click();",
              "err": {},
              "uuid": "48e256d8-6a27-4e39-be1d-f9ed8c3ac077",
              "parentUUID": "0af0cf3a-4418-49c9-9cb7-4418ceb23e95",
              "isHook": false,
              "skipped": false
            },
            {
              "title": "Remove one item from cart",
              "fullTitle": "Activity 3 Remove one item from cart",
              "timedOut": null,
              "duration": 1259,
              "state": "passed",
              "speed": "fast",
              "pass": true,
              "fail": false,
              "pending": false,
              "context": null,
              "code": "// Login with a valid user\ncy.get('#user-name').type('standard_user');\ncy.get('#password').type('secret_sauce');\ncy.get('#login-button').click(); // Add the saucelabs backpack to the cart\ncy.get('#add-to-cart-sauce-labs-backpack').click(); // Navigate to cart and remove the saucelabs backpack from the cart\ncy.get('.shopping_cart_link').click();\ncy.get('#remove-sauce-labs-backpack').click();",
              "err": {},
              "uuid": "defc746f-e9c9-4dfd-b35d-f69465f8b709",
              "parentUUID": "0af0cf3a-4418-49c9-9cb7-4418ceb23e95",
              "isHook": false,
              "skipped": false
            }
          ],
          "suites": [],
          "passes": [
            "86071cd2-3001-4b47-bf6f-551c1067bbfb",
            "48e256d8-6a27-4e39-be1d-f9ed8c3ac077",
            "defc746f-e9c9-4dfd-b35d-f69465f8b709"
          ],
          "failures": [],
          "pending": [],
          "skipped": [],
          "duration": 3221,
          "root": false,
          "rootEmpty": false,
          "_timeout": 2000
        }
      ],
      "passes": [],
      "failures": [],
      "pending": [],
      "skipped": [],
      "duration": 0,
      "root": true,
      "rootEmpty": true,
      "_timeout": 2000
    }
  ],
  "meta": {
    "mocha": {
      "version": "7.0.1"
    },
    "mochawesome": {
      "options": {
        "quiet": false,
        "reportFilename": "mochawesome",
        "saveHtml": false,
        "saveJson": true,
        "consoleReporter": "spec",
        "useInlineDiffs": false,
        "code": true
      },
      "version": "7.1.3"
    },
    "marge": {
      "options": {
        "reportDir": "cypress/reports",
        "overwrite": false,
        "html": false,
        "json": true
      },
      "version": "6.2.0"
    }
  }
}