{
  "stats": {
    "suites": 1,
    "tests": 1,
    "passes": 1,
    "pending": 0,
    "failures": 0,
    "start": "2022-12-03T00:52:24.553Z",
    "end": "2022-12-03T00:52:28.183Z",
    "duration": 3630,
    "testsRegistered": 1,
    "passPercent": 100,
    "pendingPercent": 0,
    "other": 0,
    "hasOther": false,
    "skipped": 0,
    "hasSkipped": false
  },
  "results": [
    {
      "uuid": "ff95c9db-5650-4c6b-b002-ab96627c079d",
      "title": "",
      "fullFile": "cypress\\e2e\\test\\Checkout\\multiProduct.cy.js",
      "file": "cypress\\e2e\\test\\Checkout\\multiProduct.cy.js",
      "beforeHooks": [],
      "afterHooks": [],
      "tests": [],
      "suites": [
        {
          "uuid": "f9334b0c-99d8-442d-bf26-754543add007",
          "title": "Multiple Product checkout",
          "fullFile": "",
          "file": "",
          "beforeHooks": [],
          "afterHooks": [],
          "tests": [
            {
              "title": "Should login & add multiple products to cart and check out",
              "fullTitle": "Multiple Product checkout Should login & add multiple products to cart and check out",
              "timedOut": null,
              "duration": 3603,
              "state": "passed",
              "speed": "fast",
              "pass": true,
              "fail": false,
              "pending": false,
              "context": null,
              "code": "// Login with a valid user\ncy.get('#user-name').type('standard_user');\ncy.get('#password').type('secret_sauce');\ncy.get('#login-button').click(); // Add the saucelabs backpack to the cart\ncy.get('#add-to-cart-sauce-labs-backpack').click(); // Add the saucelabs onesie to the cart\ncy.get('#add-to-cart-sauce-labs-onesie').click(); // Add the saucelabs bikelight to the cart\ncy.get('#add-to-cart-sauce-labs-bike-light').click(); // Select cart Icon\ncy.get('.shopping_cart_link').click(); //Continue to checkout\ncy.get('#checkout').click(); //enter order details\ncy.get('#first-name').type('Vanessa');\ncy.get('#last-name').type('Russell');\ncy.get('#postal-code').type('00000'); // Continue to checkout items\ncy.get('#continue').click(); //Complete checkout\ncy.get('#finish').click();",
              "err": {},
              "uuid": "37f5e018-8273-4995-a0f2-4b7da958b294",
              "parentUUID": "f9334b0c-99d8-442d-bf26-754543add007",
              "isHook": false,
              "skipped": false
            }
          ],
          "suites": [],
          "passes": [
            "37f5e018-8273-4995-a0f2-4b7da958b294"
          ],
          "failures": [],
          "pending": [],
          "skipped": [],
          "duration": 3603,
          "root": false,
          "rootEmpty": false,
          "_timeout": 2000
        }
      ],
      "passes": [],
      "failures": [],
      "pending": [],
      "skipped": [],
      "duration": 0,
      "root": true,
      "rootEmpty": true,
      "_timeout": 2000
    }
  ],
  "meta": {
    "mocha": {
      "version": "7.0.1"
    },
    "mochawesome": {
      "options": {
        "quiet": false,
        "reportFilename": "mochawesome",
        "saveHtml": false,
        "saveJson": true,
        "consoleReporter": "spec",
        "useInlineDiffs": false,
        "code": true
      },
      "version": "7.1.3"
    },
    "marge": {
      "options": {
        "reportDir": "cypress/reports",
        "overwrite": false,
        "html": false,
        "json": true
      },
      "version": "6.2.0"
    }
  }
}